<?xml version="1.0" encoding="utf-8"?><testsuites><testsuite name="pytest" errors="0" failures="97" skipped="0" tests="338" time="1313.296" timestamp="2024-03-09T18:48:27.047398" hostname="ubuntu"><testcase classname="src.tests.test_create_issuer_from_pem.test_create_issuer_from_pem.TestIssuerCreationFromPEM" name="test_should_create_a_new_issuer_from_pem" time="2.640" /><testcase classname="src.tests.test_create_issuer_from_pem.test_create_issuer_from_pem.TestIssuerCreationFromPEM" name="test_should_not_create_issuer_from_pem_with_existed_cert_details" time="0.179" /><testcase classname="src.tests.test_create_issuer_from_pem.test_create_issuer_from_pem.TestIssuerCreationFromPEM" name="test_should_not_create_issuer_from_pem_with_null_cert" time="0.120" /><testcase classname="src.tests.test_create_issuer_from_pem.test_create_issuer_from_pem.TestIssuerCreationFromPEM" name="test_should_not_create_a_new_issuer_from_pem_with_null_key_file" time="0.189" /><testcase classname="src.tests.test_create_issuer_from_pem.test_create_issuer_from_pem.TestIssuerCreationFromPEM" name="test_should_not_create_a_new_issuer_from_pem_with_empty_key_file_and_cert" time="0.141" /><testcase classname="src.tests.test_create_issuer_from_pem.test_create_issuer_from_pem.TestIssuerCreationFromPEM" name="test_should_not_create_a_new_issuer_from_pem_with_null_key_file_and_cert" time="0.223" /><testcase classname="src.tests.test_create_issuer_from_pem.test_create_issuer_from_pem.TestIssuerCreationFromPEM" name="test_should_not_create_a_new_issuer_from_pem_with_empty_cert_file" time="0.166" /><testcase classname="src.tests.test_create_issuer_from_pem.test_create_issuer_from_pem.TestIssuerCreationFromPEM" name="test_should_not_create_a_new_issuer_from_pem_with_empty_key_fule" time="0.103" /><testcase classname="src.tests.test_create_issuer_from_pem.test_create_issuer_from_pem.TestIssuerCreationFromPEM" name="test_should_not_create_a_new_issuer_from_pem_with_cert_file_without_not_CA_basic_contraint" time="0.211" /><testcase classname="src.tests.test_create_issuer_from_pem.test_create_issuer_from_pem.TestIssuerCreationFromPEM" name="test_should_not_create_a_new_issuer_from_pem_with_expired_pem" time="0.106"><failure message="assert 200 == 422&#10; +  where 200 = &lt;Response [200]&gt;.status_code">self = &lt;certeasy_api_tests.src.tests.test_create_issuer_from_pem.test_create_issuer_from_pem.TestIssuerCreationFromPEM object at 0x7fa1b338d550&gt;
app_container = &lt;Container: 91706806fc8b&gt;

    def test_should_not_create_a_new_issuer_from_pem_with_expired_pem(self, app_container):
        INVALID_BODY = generate_expired_certs_with_ca()
        print(INVALID_BODY)
        # Make a request to the API
        response = requests.post(url=f'{BASE_URL}/issuers/cert-pem', json=INVALID_BODY)
&gt;       assert response.status_code == 422
E       assert 200 == 422
E        +  where 200 = &lt;Response [200]&gt;.status_code

src/tests/test_create_issuer_from_pem/test_create_issuer_from_pem.py:90: AssertionError</failure></testcase><testcase classname="src.tests.test_create_issuer_from_pem.test_create_issuer_from_pem.TestIssuerCreationFromPEM" name="test_should_not_create_a_new_issuer_from_pem_with_invalid_pem_key" time="0.374" /><testcase classname="src.tests.test_create_issuer_from_pem.test_create_issuer_from_pem.TestIssuerCreationFromPEM" name="test_should_not_create_a_new_issuer_from_pem_with_invalid_cert" time="0.328" /><testcase classname="src.tests.test_create_issuer_from_pem.test_create_issuer_from_pem.TestIssuerCreationFromPEM" name="test_should_not_create_a_new_issuer_from_pem_with_uncompleted_cert" time="0.131"><failure message="assert 500 == 422&#10; +  where 500 = &lt;Response [500]&gt;.status_code">self = &lt;certeasy_api_tests.src.tests.test_create_issuer_from_pem.test_create_issuer_from_pem.TestIssuerCreationFromPEM object at 0x7fa1b338daf0&gt;
app_container = &lt;Container: 91706806fc8b&gt;

    def test_should_not_create_a_new_issuer_from_pem_with_uncompleted_cert(self, app_container):
        INVALID_BODY = generate_valid_certs_with_ca()
        modify_json_values(INVALID_BODY, "cert_file", incomplete_cert_pem)
        print(INVALID_BODY)
        # Make a request to the API
        response = requests.post(url=f'{BASE_URL}/issuers/cert-pem', json=INVALID_BODY)
&gt;       assert response.status_code == 422
E       assert 500 == 422
E        +  where 500 = &lt;Response [500]&gt;.status_code

src/tests/test_create_issuer_from_pem/test_create_issuer_from_pem.py:112: AssertionError</failure></testcase><testcase classname="src.tests.test_create_issuer_from_pem.test_create_issuer_from_pem.TestIssuerCreationFromPEM" name="test_should_not_create_a_new_issuer_from_pem_with_uncompleted_key" time="0.150"><failure message="assert 500 == 422&#10; +  where 500 = &lt;Response [500]&gt;.status_code">self = &lt;certeasy_api_tests.src.tests.test_create_issuer_from_pem.test_create_issuer_from_pem.TestIssuerCreationFromPEM object at 0x7fa1b338dcd0&gt;
app_container = &lt;Container: 91706806fc8b&gt;

    def test_should_not_create_a_new_issuer_from_pem_with_uncompleted_key(self, app_container):
        INVALID_BODY = generate_valid_certs_with_ca()
        modify_json_values(INVALID_BODY, "key_file", incomplete_key_pem)
        print(INVALID_BODY)
        # Make a request to the API
        response = requests.post(url=f'{BASE_URL}/issuers/cert-pem', json=INVALID_BODY)
&gt;       assert response.status_code == 422
E       assert 500 == 422
E        +  where 500 = &lt;Response [500]&gt;.status_code

src/tests/test_create_issuer_from_pem/test_create_issuer_from_pem.py:120: AssertionError</failure></testcase><testcase classname="src.tests.test_create_issuer_from_pem.test_create_issuer_from_pem.TestIssuerCreationFromPEM" name="test_should_not_create_a_new_issuer_from_pem_with_missing_cert_content" time="0.310" /><testcase classname="src.tests.test_create_issuer_from_pem.test_create_issuer_from_pem.TestIssuerCreationFromPEM" name="test_should_not_create_a_new_issuer_from_pem_with_missing_key_content" time="0.099"><failure message="assert 500 == 422&#10; +  where 500 = &lt;Response [500]&gt;.status_code">self = &lt;certeasy_api_tests.src.tests.test_create_issuer_from_pem.test_create_issuer_from_pem.TestIssuerCreationFromPEM object at 0x7fa1b33150d0&gt;
app_container = &lt;Container: 91706806fc8b&gt;

    def test_should_not_create_a_new_issuer_from_pem_with_missing_key_content(self, app_container):
        INVALID_BODY = generate_valid_certs_with_ca()
        modify_json_values(INVALID_BODY, "key_file", missing_key_pem)
        print(INVALID_BODY)
        # Make a request to the API
        response = requests.post(url=f'{BASE_URL}/issuers/cert-pem', json=INVALID_BODY)
&gt;       assert response.status_code == 422
E       assert 500 == 422
E        +  where 500 = &lt;Response [500]&gt;.status_code

src/tests/test_create_issuer_from_pem/test_create_issuer_from_pem.py:136: AssertionError</failure></testcase><testcase classname="src.tests.test_create_issuer_from_pem.test_create_issuer_from_pem.TestIssuerCreationFromPEM" name="test_should_not_create_a_new_issuer_from_pem_with_missing_begin_cert" time="0.531" /><testcase classname="src.tests.test_create_issuer_from_pem.test_create_issuer_from_pem.TestIssuerCreationFromPEM" name="test_should_not_create_a_new_issuer_from_pem_with_missing_begin_key" time="0.134" /><testcase classname="src.tests.test_create_issuer_from_pem.test_create_issuer_from_pem.TestIssuerCreationFromPEM" name="test_should_not_create_a_new_issuer_from_pem_with_cert_generated_with_unsupported_algorithm" time="0.005" /><testcase classname="src.tests.test_create_issuer_from_pem.test_create_issuer_from_pem.TestIssuerCreationFromPEM" name="test_should_not_create_a_new_issuer_from_pem_with_incorrect_base_64_encoding_cert" time="0.299"><failure message="assert 500 == 422&#10; +  where 500 = &lt;Response [500]&gt;.status_code">self = &lt;certeasy_api_tests.src.tests.test_create_issuer_from_pem.test_create_issuer_from_pem.TestIssuerCreationFromPEM object at 0x7fa1b3315880&gt;
app_container = &lt;Container: 91706806fc8b&gt;

    def test_should_not_create_a_new_issuer_from_pem_with_incorrect_base_64_encoding_cert(self, app_container):
        INVALID_BODY = generate_valid_certs_with_ca()
        modify_json_values(INVALID_BODY, "key_file", invalid_base64_encoding_cert_content)
        print(INVALID_BODY)
        # Make a request to the API
        response = requests.post(url=f'{BASE_URL}/issuers/cert-pem', json=INVALID_BODY)
&gt;       assert response.status_code == 422
E       assert 500 == 422
E        +  where 500 = &lt;Response [500]&gt;.status_code

src/tests/test_create_issuer_from_pem/test_create_issuer_from_pem.py:165: AssertionError</failure></testcase><testcase classname="src.tests.test_create_issuer_from_pem.test_create_issuer_from_pem.TestIssuerCreationFromPEM" name="test_should_not_create_a_new_issuer_from_pem_with_incorrect_base_64_encoding_key" time="0.327"><failure message="assert 500 == 422&#10; +  where 500 = &lt;Response [500]&gt;.status_code">self = &lt;certeasy_api_tests.src.tests.test_create_issuer_from_pem.test_create_issuer_from_pem.TestIssuerCreationFromPEM object at 0x7fa1b3315a90&gt;
app_container = &lt;Container: 91706806fc8b&gt;

    def test_should_not_create_a_new_issuer_from_pem_with_incorrect_base_64_encoding_key(self, app_container):
        INVALID_BODY = generate_valid_certs_with_ca()
        modify_json_values(INVALID_BODY, "key_file", invalid_base64_encoding_key_content)
        print(INVALID_BODY)
        # Make a request to the API
        response = requests.post(url=f'{BASE_URL}/issuers/cert-pem', json=INVALID_BODY)
&gt;       assert response.status_code == 422
E       assert 500 == 422
E        +  where 500 = &lt;Response [500]&gt;.status_code

src/tests/test_create_issuer_from_pem/test_create_issuer_from_pem.py:173: AssertionError</failure></testcase><testcase classname="src.tests.test_create_issuer_from_spec.test_create_issuer_from_spec.TestCreateIssuerFromSpec" name="test_should_create_a_new_issuer_from_spec" time="2.672" /><testcase classname="src.tests.test_create_issuer_from_spec.test_create_issuer_from_spec.TestCreateIssuerFromSpec" name="test_should_create_new_issuer_with_zero_path_length" time="0.042" /><testcase classname="src.tests.test_create_issuer_from_spec.test_create_issuer_from_spec.TestCreateIssuerFromSpec" name="test_should_not_allows_creation_of_issuer_with_empty_body" time="0.006" /><testcase classname="src.tests.test_create_issuer_from_spec.test_create_issuer_from_spec.TestCreateIssuerFromSpec" name="test_should_not_allows_creation_of_issuer_with_empty_name" time="0.005" /><testcase classname="src.tests.test_create_issuer_from_spec.test_create_issuer_from_spec.TestCreateIssuerFromSpec" name="test_should_not_allows_creation_of_issuer_with_sequence_of_space_name" time="0.004" /><testcase classname="src.tests.test_create_issuer_from_spec.test_create_issuer_from_spec.TestCreateIssuerFromSpec" name="test_should_not_allows_creation_of_issuer_with_null_name" time="0.005" /><testcase classname="src.tests.test_create_issuer_from_spec.test_create_issuer_from_spec.TestCreateIssuerFromSpec" name="test_should_not_allows_creation_of_issuer_with_empty_key_strength" time="0.004" /><testcase classname="src.tests.test_create_issuer_from_spec.test_create_issuer_from_spec.TestCreateIssuerFromSpec" name="test_should_not_allows_creation_of_issuer_with_sequence_of_space_key_strength" time="0.004" /><testcase classname="src.tests.test_create_issuer_from_spec.test_create_issuer_from_spec.TestCreateIssuerFromSpec" name="test_should_not_allows_creation_of_issuer_with_null_key_strength" time="0.005" /><testcase classname="src.tests.test_create_issuer_from_spec.test_create_issuer_from_spec.TestCreateIssuerFromSpec" name="test_should_not_allows_creation_of_issuer_with_empty_validity_object" time="0.004" /><testcase classname="src.tests.test_create_issuer_from_spec.test_create_issuer_from_spec.TestCreateIssuerFromSpec" name="test_should_not_allows_creation_of_issuer_with_null_validity_object" time="0.004" /><testcase classname="src.tests.test_create_issuer_from_spec.test_create_issuer_from_spec.TestCreateIssuerFromSpec" name="test_should_not_allows_creation_of_issuer_with_empty_from_date" time="0.005" /><testcase classname="src.tests.test_create_issuer_from_spec.test_create_issuer_from_spec.TestCreateIssuerFromSpec" name="test_should_not_allows_creation_of_issuer_with_sequence_of_space_from_date" time="0.005" /><testcase classname="src.tests.test_create_issuer_from_spec.test_create_issuer_from_spec.TestCreateIssuerFromSpec" name="test_should_not_allows_creation_of_issuer_with_null_from_date" time="0.005" /><testcase classname="src.tests.test_create_issuer_from_spec.test_create_issuer_from_spec.TestCreateIssuerFromSpec" name="test_should_not_allows_creation_of_issuer_with_empty_until_date" time="0.006" /><testcase classname="src.tests.test_create_issuer_from_spec.test_create_issuer_from_spec.TestCreateIssuerFromSpec" name="test_should_not_allows_creation_of_issuer_with_sequence_of_space_until_date" time="0.005" /><testcase classname="src.tests.test_create_issuer_from_spec.test_create_issuer_from_spec.TestCreateIssuerFromSpec" name="test_should_not_allows_creation_of_issuer_with_null_until_date" time="0.004" /><testcase classname="src.tests.test_create_issuer_from_spec.test_create_issuer_from_spec.TestCreateIssuerFromSpec" name="test_should_not_allows_creation_of_issuer_with_invalid_until_date" time="0.006" /><testcase classname="src.tests.test_create_issuer_from_spec.test_create_issuer_from_spec.TestCreateIssuerFromSpec" name="test_should_not_allows_creation_of_issuer_with_invalid_from_date" time="0.005" /><testcase classname="src.tests.test_create_issuer_from_spec.test_create_issuer_from_spec.TestCreateIssuerFromSpec" name="test_should_not_allows_creation_of_issuer_with_empty_address_object" time="0.004" /><testcase classname="src.tests.test_create_issuer_from_spec.test_create_issuer_from_spec.TestCreateIssuerFromSpec" name="test_should_not_allows_creation_of_issuer_with_null_address_object" time="0.005" /><testcase classname="src.tests.test_create_issuer_from_spec.test_create_issuer_from_spec.TestCreateIssuerFromSpec" name="test_should_not_allows_creation_of_issuer_with_empty_country" time="0.005" /><testcase classname="src.tests.test_create_issuer_from_spec.test_create_issuer_from_spec.TestCreateIssuerFromSpec" name="test_should_not_allows_creation_of_issuer_with_sequence_of_space_country" time="0.004" /><testcase classname="src.tests.test_create_issuer_from_spec.test_create_issuer_from_spec.TestCreateIssuerFromSpec" name="test_should_not_allows_creation_of_issuer_with_null_country" time="0.005" /><testcase classname="src.tests.test_create_issuer_from_spec.test_create_issuer_from_spec.TestCreateIssuerFromSpec" name="test_should_not_allows_creation_of_issuer_with_empty_state" time="0.004" /><testcase classname="src.tests.test_create_issuer_from_spec.test_create_issuer_from_spec.TestCreateIssuerFromSpec" name="test_should_not_allows_creation_of_issuer_with_sequence_of_space_state" time="0.004" /><testcase classname="src.tests.test_create_issuer_from_spec.test_create_issuer_from_spec.TestCreateIssuerFromSpec" name="test_should_not_allows_creation_of_issuer_with_null_state" time="0.005" /><testcase classname="src.tests.test_create_issuer_from_spec.test_create_issuer_from_spec.TestCreateIssuerFromSpec" name="test_should_not_allows_creation_of_issuer_with_empty_locality" time="0.005" /><testcase classname="src.tests.test_create_issuer_from_spec.test_create_issuer_from_spec.TestCreateIssuerFromSpec" name="test_should_not_allows_creation_of_issuer_with_sequence_of_space_locality" time="0.005" /><testcase classname="src.tests.test_create_issuer_from_spec.test_create_issuer_from_spec.TestCreateIssuerFromSpec" name="test_should_not_allows_creation_of_issuer_with_null_locality" time="0.005" /><testcase classname="src.tests.test_create_issuer_from_spec.test_create_issuer_from_spec.TestCreateIssuerFromSpec" name="test_should_not_allows_creation_of_issuer_with_empty_street_address" time="0.004" /><testcase classname="src.tests.test_create_issuer_from_spec.test_create_issuer_from_spec.TestCreateIssuerFromSpec" name="test_should_not_allows_creation_of_issuer_with_sequence_of_space_street_address" time="0.004" /><testcase classname="src.tests.test_create_issuer_from_spec.test_create_issuer_from_spec.TestCreateIssuerFromSpec" name="test_should_not_allows_creation_of_issuer_with_null_street_address" time="0.241" /><testcase classname="src.tests.test_delete_certificate.test_delete_certificate.TestDeleteCert" name="test_should_delete_issued_employee_certs" time="2.685" /><testcase classname="src.tests.test_delete_certificate.test_delete_certificate.TestDeleteCert" name="test_should_delete_issued_personal_certs" time="20.418"><failure message="assert 500 == 204&#10; +  where 500 = &lt;Response [500]&gt;.status_code">self = &lt;certeasy_api_tests.src.tests.test_delete_certificate.test_delete_certificate.TestDeleteCert object at 0x7fa1b32eba00&gt;
app_container = &lt;Container: 684b1ec20d9a&gt;

    def test_should_delete_issued_personal_certs(self, app_container):
        CERT_SERIAL, ISSUER_ID, CERT_NAME, CREATED_ISSUER = issue_personal_certs()
        # delete cert
        response = requests.delete(url=f'{BASE_URL}/issuers/{ISSUER_ID}/certificates/{CERT_SERIAL}')
&gt;       assert response.status_code == 204
E       assert 500 == 204
E        +  where 500 = &lt;Response [500]&gt;.status_code

src/tests/test_delete_certificate/test_delete_certificate.py:30: AssertionError</failure></testcase><testcase classname="src.tests.test_delete_certificate.test_delete_certificate.TestDeleteCert" name="test_should_delete_issued_sub_ca_certs" time="0.199" /><testcase classname="src.tests.test_delete_certificate.test_delete_certificate.TestDeleteCert" name="test_should_delete_issued_tls_certs" time="18.661" /><testcase classname="src.tests.test_delete_certificate.test_delete_certificate.TestDeleteCert" name="test_should_not_delete_issued_cert_when_pass_a_sequence_of_space_cert_serial" time="2.787"><failure message="assert 404 == 400&#10; +  where 404 = &lt;Response [404]&gt;.status_code">self = &lt;certeasy_api_tests.src.tests.test_delete_certificate.test_delete_certificate.TestDeleteCert object at 0x7fa1b32ebaf0&gt;
app_container = &lt;Container: 684b1ec20d9a&gt;

    def test_should_not_delete_issued_cert_when_pass_a_sequence_of_space_cert_serial(self, app_container):
        CERT_SERIAL, ISSUER_ID, CERT_NAME, CREATED_ISSUER = issue_tls_server_certs()
        # delete cert
        response = requests.delete(url=f'{BASE_URL}/issuers/{ISSUER_ID}/certificates/{SEQUENCE_OF_SPACE_SERIAL_ID}')
&gt;       assert response.status_code == 400
E       assert 404 == 400
E        +  where 404 = &lt;Response [404]&gt;.status_code

src/tests/test_delete_certificate/test_delete_certificate.py:61: AssertionError</failure></testcase><testcase classname="src.tests.test_delete_certificate.test_delete_certificate.TestDeleteCert" name="test_should_not_delete_issued_cert_when_pass_a_non_existed_cert_serial" time="1.444" /><testcase classname="src.tests.test_delete_certificate.test_delete_certificate.TestDeleteCert" name="test_should_not_delete_issued_cert_when_pass_a_non_existed_issuer_id" time="10.402" /><testcase classname="src.tests.test_delete_certificate.test_delete_certificate.TestDeleteCert" name="test_should_not_delete_issued_cert_when_pass_a_sequence_of_space_issuer_id" time="0.958"><failure message="assert 422 == 404&#10; +  where 422 = &lt;Response [422]&gt;.status_code">self = &lt;certeasy_api_tests.src.tests.test_delete_certificate.test_delete_certificate.TestDeleteCert object at 0x7fa1b32a69d0&gt;
app_container = &lt;Container: 684b1ec20d9a&gt;

    def test_should_not_delete_issued_cert_when_pass_a_sequence_of_space_issuer_id(self, app_container):
        CERT_SERIAL, ISSUER_ID, CERT_NAME, CREATED_ISSUER = issue_tls_server_certs()
        # delete cert
        response = requests.delete(url=f'{BASE_URL}/issuers/{SEQUENCE_OF_SPACE_ISSUER_ID}/certificates/{CERT_SERIAL}')
&gt;       assert response.status_code == 404
E       assert 422 == 404
E        +  where 422 = &lt;Response [422]&gt;.status_code

src/tests/test_delete_certificate/test_delete_certificate.py:82: AssertionError</failure></testcase><testcase classname="src.tests.test_delete_issuer.test_delete_issuers_created_from_spec.TestIssuerDeletion" name="test_should_delete_issuer_created_from_spec" time="3.673" /><testcase classname="src.tests.test_delete_issuer.test_delete_issuers_created_from_spec.TestIssuerDeletion" name="test_should_delete_issuer_created_from_pem" time="0.227" /><testcase classname="src.tests.test_delete_issuer.test_delete_issuers_created_from_spec.TestIssuerDeletion" name="test_should_not_delete_a_nonexistent_issuer" time="0.004" /><testcase classname="src.tests.test_delete_issuer.test_delete_issuers_created_from_spec.TestIssuerDeletion" name="test_should_not_delete_an_empty_issuer_id" time="0.018" /><testcase classname="src.tests.test_delete_issuer.test_delete_issuers_created_from_spec.TestIssuerDeletion" name="test_should_not_delete_an_sequence_of_space_issuer_id" time="0.224" /><testcase classname="src.tests.test_get_cert_der_content.test_get_der_content.TestGetCertDERContent" name="test_should_return_der_content_of_issued_employee_certs" time="2.790" /><testcase classname="src.tests.test_get_cert_der_content.test_get_der_content.TestGetCertDERContent" name="test_should_return_der_content_of_issued_personal_certs" time="1.703"><failure message="assert 500 == 200&#10; +  where 500 = &lt;Response [500]&gt;.status_code">self = &lt;certeasy_api_tests.src.tests.test_get_cert_der_content.test_get_der_content.TestGetCertDERContent object at 0x7fa1b32c6b50&gt;
app_container = &lt;Container: 2f6330226ffc&gt;

    def test_should_return_der_content_of_issued_personal_certs(self, app_container):
        CERT_SERIAL, ISSUER_ID, CERT_NAME, CREATED_ISSUER = issue_personal_certs()
        # get pem of cert
        response = requests.get(url=f'{BASE_URL}/issuers/{ISSUER_ID}/certificates/{CERT_SERIAL}/der')
&gt;       assert response.status_code == 200
E       assert 500 == 200
E        +  where 500 = &lt;Response [500]&gt;.status_code

src/tests/test_get_cert_der_content/test_get_der_content.py:27: AssertionError</failure></testcase><testcase classname="src.tests.test_get_cert_der_content.test_get_der_content.TestGetCertDERContent" name="test_should_return_der_content_of_issued_sub_ca_certs" time="22.708" /><testcase classname="src.tests.test_get_cert_der_content.test_get_der_content.TestGetCertDERContent" name="test_should_return_der_content_of_issued_tls_certs" time="0.402" /><testcase classname="src.tests.test_get_cert_der_content.test_get_der_content.TestGetCertDERContent" name="test_should_not_return_der_content_of_issued_cert_when_pass_a_sequence_of_space_cert_serial" time="1.522"><failure message="assert 404 == 400&#10; +  where 404 = &lt;Response [404]&gt;.status_code">self = &lt;certeasy_api_tests.src.tests.test_get_cert_der_content.test_get_der_content.TestGetCertDERContent object at 0x7fa1b32c6f10&gt;
app_container = &lt;Container: 2f6330226ffc&gt;

    def test_should_not_return_der_content_of_issued_cert_when_pass_a_sequence_of_space_cert_serial(self, app_container):
        CERT_SERIAL, ISSUER_ID, CERT_NAME, CREATED_ISSUER = issue_tls_server_certs()
        # get pem of cert
        response = requests.get(url=f'{BASE_URL}/issuers/{ISSUER_ID}/certificates/{SEQUENCE_OF_SPACE_SERIAL_ID}/der')
&gt;       assert response.status_code == 400
E       assert 404 == 400
E        +  where 404 = &lt;Response [404]&gt;.status_code

src/tests/test_get_cert_der_content/test_get_der_content.py:49: AssertionError</failure></testcase><testcase classname="src.tests.test_get_cert_der_content.test_get_der_content.TestGetCertDERContent" name="test_should_not_return_der_content_of_issued_cert_when_pass_a_non_existed_cert_serial" time="1.106" /><testcase classname="src.tests.test_get_cert_der_content.test_get_der_content.TestGetCertDERContent" name="test_should_not_return_der_content_of_issued_cert_when_pass_a_non_existed_issuer_id" time="0.059" /><testcase classname="src.tests.test_get_cert_der_content.test_get_der_content.TestGetCertDERContent" name="test_should_not_return_der_content_of_issued_cert_when_pass_a_sequence_of_space_issuer_id" time="0.368"><failure message="assert 422 == 400&#10; +  where 422 = &lt;Response [422]&gt;.status_code">self = &lt;certeasy_api_tests.src.tests.test_get_cert_der_content.test_get_der_content.TestGetCertDERContent object at 0x7fa1b32fd2e0&gt;
app_container = &lt;Container: 2f6330226ffc&gt;

    def test_should_not_return_der_content_of_issued_cert_when_pass_a_sequence_of_space_issuer_id(self, app_container):
        CERT_SERIAL, ISSUER_ID, CERT_NAME, CREATED_ISSUER = issue_tls_server_certs()
        # get pem of cert
        response = requests.get(url=f'{BASE_URL}/issuers/{SEQUENCE_OF_SPACE_ISSUER_ID}/certificates/{CERT_SERIAL}/der')
&gt;       assert response.status_code == 400
E       assert 422 == 400
E        +  where 422 = &lt;Response [422]&gt;.status_code

src/tests/test_get_cert_der_content/test_get_der_content.py:70: AssertionError</failure></testcase><testcase classname="src.tests.test_get_cert_pem.test_get_certificate_pem.TestGetCertPem" name="test_should_return_pem_of_issued_employee_certs" time="14.782" /><testcase classname="src.tests.test_get_cert_pem.test_get_certificate_pem.TestGetCertPem" name="test_should_return_pem_of_issued_personal_certs" time="13.737"><failure message="assert 500 == 200&#10; +  where 500 = &lt;Response [500]&gt;.status_code">self = &lt;certeasy_api_tests.src.tests.test_get_cert_pem.test_get_certificate_pem.TestGetCertPem object at 0x7fa1b32c1040&gt;
app_container = &lt;Container: 4c37454804c5&gt;

    def test_should_return_pem_of_issued_personal_certs(self, app_container):
        CERT_SERIAL, ISSUER_ID, CERT_NAME, CREATED_ISSUER = issue_personal_certs()
        # get pem of cert
        response = requests.get(url=f'{BASE_URL}/issuers/{ISSUER_ID}/certificates/{CERT_SERIAL}/pem')
&gt;       assert response.status_code == 200
E       assert 500 == 200
E        +  where 500 = &lt;Response [500]&gt;.status_code

src/tests/test_get_cert_pem/test_get_certificate_pem.py:28: AssertionError</failure></testcase><testcase classname="src.tests.test_get_cert_pem.test_get_certificate_pem.TestGetCertPem" name="test_should_return_pem_of_issued_sub_ca_certs" time="0.360" /><testcase classname="src.tests.test_get_cert_pem.test_get_certificate_pem.TestGetCertPem" name="test_should_return_pem_of_issued_tls_certs" time="0.276" /><testcase classname="src.tests.test_get_cert_pem.test_get_certificate_pem.TestGetCertPem" name="test_should_not_return_pem_of_issued_cert_when_pass_a_sequence_of_space_cert_serial" time="0.745"><failure message="assert 404 == 400&#10; +  where 404 = &lt;Response [404]&gt;.status_code">self = &lt;certeasy_api_tests.src.tests.test_get_cert_pem.test_get_certificate_pem.TestGetCertPem object at 0x7fa1b32c1820&gt;
app_container = &lt;Container: 4c37454804c5&gt;

    def test_should_not_return_pem_of_issued_cert_when_pass_a_sequence_of_space_cert_serial(self, app_container):
        CERT_SERIAL, ISSUER_ID, CERT_NAME, CREATED_ISSUER = issue_tls_server_certs()
        # get pem of cert
        response = requests.get(url=f'{BASE_URL}/issuers/{ISSUER_ID}/certificates/{SEQUENCE_OF_SPACE_SERIAL_ID}/pem')
&gt;       assert response.status_code == 400
E       assert 404 == 400
E        +  where 404 = &lt;Response [404]&gt;.status_code

src/tests/test_get_cert_pem/test_get_certificate_pem.py:53: AssertionError</failure></testcase><testcase classname="src.tests.test_get_cert_pem.test_get_certificate_pem.TestGetCertPem" name="test_should_not_return_pem_of_issued_cert_when_pass_a_non_existed_cert_serial" time="20.890" /><testcase classname="src.tests.test_get_cert_pem.test_get_certificate_pem.TestGetCertPem" name="test_should_not_return_pem_of_issued_cert_when_pass_a_non_existed_issuer_id" time="0.095" /><testcase classname="src.tests.test_get_cert_pem.test_get_certificate_pem.TestGetCertPem" name="test_should_not_return_pem_of_issued_cert_when_pass_a_sequence_of_space_issuer_id" time="3.796"><failure message="assert 422 == 400&#10; +  where 422 = &lt;Response [422]&gt;.status_code">self = &lt;certeasy_api_tests.src.tests.test_get_cert_pem.test_get_certificate_pem.TestGetCertPem object at 0x7fa1b32fdb80&gt;
app_container = &lt;Container: 4c37454804c5&gt;

    def test_should_not_return_pem_of_issued_cert_when_pass_a_sequence_of_space_issuer_id(self, app_container):
        CERT_SERIAL, ISSUER_ID, CERT_NAME, CREATED_ISSUER = issue_tls_server_certs()
        # get pem of cert
        response = requests.get(url=f'{BASE_URL}/issuers/{SEQUENCE_OF_SPACE_ISSUER_ID}/certificates/{CERT_SERIAL}/pem')
&gt;       assert response.status_code == 400
E       assert 422 == 400
E        +  where 422 = &lt;Response [422]&gt;.status_code

src/tests/test_get_cert_pem/test_get_certificate_pem.py:74: AssertionError</failure></testcase><testcase classname="src.tests.test_get_certificate_information.test_get_ca_certificate_information.TestGetCertInformation" name="test_should_return_information_of_issued_ca_certs" time="21.732"><failure message="AssertionError: assert 5 == 11&#10; +  where 5 = len({'basic_constraints': {'ca': True, 'path_length': 0}, 'distinguished_name': 'CN=issuer-verejejezehetekejefa, C=MZ, ST=Maputo, L=Matola, STREET=Patrice\\, Q12', 'key_size': 4096, 'key_usages': ['SIGN_CRL', 'CERTIFICATE_SIGN'], ...})&#10; +    where {'basic_constraints': {'ca': True, 'path_length': 0}, 'distinguished_name': 'CN=issuer-verejejezehetekejefa, C=MZ, ST=Maputo, L=Matola, STREET=Patrice\\, Q12', 'key_size': 4096, 'key_usages': ['SIGN_CRL', 'CERTIFICATE_SIGN'], ...} = &lt;bound method Response.json of &lt;Response [200]&gt;&gt;()&#10; +      where &lt;bound method Response.json of &lt;Response [200]&gt;&gt; = &lt;Response [200]&gt;.json">self = &lt;certeasy_api_tests.src.tests.test_get_certificate_information.test_get_ca_certificate_information.TestGetCertInformation object at 0x7fa1b3294190&gt;
app_container = &lt;Container: 93efbc64a089&gt;

    def test_should_return_information_of_issued_ca_certs(self, app_container):
        ISSUER_ID = create_issuer_from_spec()
        # get cert serial
        get_cert_serial = requests.get(url=f'{BASE_URL}/issuers')
        CERT_SERIAL = get_cert_serial.json()[0]['serial']
        response = requests.get(url=f'{BASE_URL}/issuers/{ISSUER_ID[0]}/certificates/{CERT_SERIAL}')
        assert response.status_code == 200
&gt;       assert len(response.json()) == 11
E       AssertionError: assert 5 == 11
E        +  where 5 = len({'basic_constraints': {'ca': True, 'path_length': 0}, 'distinguished_name': 'CN=issuer-verejejezehetekejefa, C=MZ, ST=Maputo, L=Matola, STREET=Patrice\\, Q12', 'key_size': 4096, 'key_usages': ['SIGN_CRL', 'CERTIFICATE_SIGN'], ...})
E        +    where {'basic_constraints': {'ca': True, 'path_length': 0}, 'distinguished_name': 'CN=issuer-verejejezehetekejefa, C=MZ, ST=Maputo, L=Matola, STREET=Patrice\\, Q12', 'key_size': 4096, 'key_usages': ['SIGN_CRL', 'CERTIFICATE_SIGN'], ...} = &lt;bound method Response.json of &lt;Response [200]&gt;&gt;()
E        +      where &lt;bound method Response.json of &lt;Response [200]&gt;&gt; = &lt;Response [200]&gt;.json

src/tests/test_get_certificate_information/test_get_ca_certificate_information.py:15: AssertionError</failure></testcase><testcase classname="src.tests.test_get_certificate_information.test_get_ca_certificate_information.TestGetCertInformation" name="test_should_return_the_correct_cert_name_after_get_information_of_issued_ca_certs" time="0.125" /><testcase classname="src.tests.test_get_certificate_information.test_get_ca_certificate_information.TestGetCertInformation" name="test_should_return_the_correct_cert_type_after_get_information_of_issued_ca_certs" time="1.723"><failure message="KeyError: 'type'">self = &lt;certeasy_api_tests.src.tests.test_get_certificate_information.test_get_ca_certificate_information.TestGetCertInformation object at 0x7fa1b3294370&gt;
app_container = &lt;Container: 93efbc64a089&gt;

    def test_should_return_the_correct_cert_type_after_get_information_of_issued_ca_certs(self, app_container):
        ISSUER_ID = create_issuer_from_spec()
        # get cert serial
        get_cert_serial = requests.get(url=f'{BASE_URL}/issuers')
        CERT_SERIAL = get_cert_serial.json()[0]['serial']
        response = requests.get(url=f'{BASE_URL}/issuers/{ISSUER_ID[0]}/certificates/{CERT_SERIAL}')
        assert response.status_code == 200
&gt;       assert "CA" == response.json()["type"]
E       KeyError: 'type'

src/tests/test_get_certificate_information/test_get_ca_certificate_information.py:36: KeyError</failure></testcase><testcase classname="src.tests.test_get_certificate_information.test_get_ca_certificate_information.TestGetCertInformation" name="test_should_include_validity_on_response_after_get_information_of_issued_ca_certs" time="1.187"><failure message="assert 404 == 200&#10; +  where 404 = &lt;Response [404]&gt;.status_code">self = &lt;certeasy_api_tests.src.tests.test_get_certificate_information.test_get_ca_certificate_information.TestGetCertInformation object at 0x7fa1b3294580&gt;
app_container = &lt;Container: 93efbc64a089&gt;

    def test_should_include_validity_on_response_after_get_information_of_issued_ca_certs(self, app_container):
        ISSUER_ID = create_issuer_from_spec()
        # get cert serial
        get_cert_serial = requests.get(url=f'{BASE_URL}/issuers')
        CERT_SERIAL = get_cert_serial.json()[0]['serial']
        response = requests.get(url=f'{BASE_URL}/issuers/{ISSUER_ID[0]}/certificates/{CERT_SERIAL}')
&gt;       assert response.status_code == 200
E       assert 404 == 200
E        +  where 404 = &lt;Response [404]&gt;.status_code

src/tests/test_get_certificate_information/test_get_ca_certificate_information.py:44: AssertionError</failure></testcase><testcase classname="src.tests.test_get_certificate_information.test_get_ca_certificate_information.TestGetCertInformation" name="test_should_include_key_usages_on_response_after_get_information_of_issued_ca_certs" time="0.058"><failure message="assert 404 == 200&#10; +  where 404 = &lt;Response [404]&gt;.status_code">self = &lt;certeasy_api_tests.src.tests.test_get_certificate_information.test_get_ca_certificate_information.TestGetCertInformation object at 0x7fa1b32948e0&gt;
app_container = &lt;Container: 93efbc64a089&gt;

    def test_should_include_key_usages_on_response_after_get_information_of_issued_ca_certs(self, app_container):
        ISSUER_ID = create_issuer_from_spec()
        # get cert serial
        get_cert_serial = requests.get(url=f'{BASE_URL}/issuers')
        CERT_SERIAL = get_cert_serial.json()[0]['serial']
        response = requests.get(url=f'{BASE_URL}/issuers/{ISSUER_ID[0]}/certificates/{CERT_SERIAL}')
&gt;       assert response.status_code == 200
E       assert 404 == 200
E        +  where 404 = &lt;Response [404]&gt;.status_code

src/tests/test_get_certificate_information/test_get_ca_certificate_information.py:53: AssertionError</failure></testcase><testcase classname="src.tests.test_get_certificate_information.test_get_ca_certificate_information.TestGetCertInformation" name="test_should_include_issuer_on_response_after_get_information_of_issued_ca_certs" time="0.055"><failure message="assert 404 == 200&#10; +  where 404 = &lt;Response [404]&gt;.status_code">self = &lt;certeasy_api_tests.src.tests.test_get_certificate_information.test_get_ca_certificate_information.TestGetCertInformation object at 0x7fa1b33082b0&gt;
app_container = &lt;Container: 93efbc64a089&gt;

    def test_should_include_issuer_on_response_after_get_information_of_issued_ca_certs(self, app_container):
        ISSUER_ID = create_issuer_from_spec()
        # get cert serial
        get_cert_serial = requests.get(url=f'{BASE_URL}/issuers')
        CERT_SERIAL = get_cert_serial.json()[0]['serial']
        response = requests.get(url=f'{BASE_URL}/issuers/{ISSUER_ID[0]}/certificates/{CERT_SERIAL}')
&gt;       assert response.status_code == 200
E       assert 404 == 200
E        +  where 404 = &lt;Response [404]&gt;.status_code

src/tests/test_get_certificate_information/test_get_ca_certificate_information.py:62: AssertionError</failure></testcase><testcase classname="src.tests.test_get_certificate_information.test_get_ca_certificate_information.TestGetCertInformation" name="test_should_include_serial_on_response_after_get_information_of_issued_ca_certs" time="0.584"><failure message="assert 404 == 200&#10; +  where 404 = &lt;Response [404]&gt;.status_code">self = &lt;certeasy_api_tests.src.tests.test_get_certificate_information.test_get_ca_certificate_information.TestGetCertInformation object at 0x7fa1b3308310&gt;
app_container = &lt;Container: 93efbc64a089&gt;

    def test_should_include_serial_on_response_after_get_information_of_issued_ca_certs(self, app_container):
        ISSUER_ID = create_issuer_from_spec()
        # get cert serial
        get_cert_serial = requests.get(url=f'{BASE_URL}/issuers')
        CERT_SERIAL = get_cert_serial.json()[0]['serial']
        response = requests.get(url=f'{BASE_URL}/issuers/{ISSUER_ID[0]}/certificates/{CERT_SERIAL}')
&gt;       assert response.status_code == 200
E       assert 404 == 200
E        +  where 404 = &lt;Response [404]&gt;.status_code

src/tests/test_get_certificate_information/test_get_ca_certificate_information.py:71: AssertionError</failure></testcase><testcase classname="src.tests.test_get_certificate_information.test_get_ca_certificate_information.TestGetCertInformation" name="test_should_include_key_size_on_response_after_get_information_of_issued_ca_certs" time="1.015"><failure message="assert 404 == 200&#10; +  where 404 = &lt;Response [404]&gt;.status_code">self = &lt;certeasy_api_tests.src.tests.test_get_certificate_information.test_get_ca_certificate_information.TestGetCertInformation object at 0x7fa1b3308790&gt;
app_container = &lt;Container: 93efbc64a089&gt;

    def test_should_include_key_size_on_response_after_get_information_of_issued_ca_certs(self, app_container):
        ISSUER_ID = create_issuer_from_spec()
        # get cert serial
        get_cert_serial = requests.get(url=f'{BASE_URL}/issuers')
        CERT_SERIAL = get_cert_serial.json()[0]['serial']
        response = requests.get(url=f'{BASE_URL}/issuers/{ISSUER_ID[0]}/certificates/{CERT_SERIAL}')
&gt;       assert response.status_code == 200
E       assert 404 == 200
E        +  where 404 = &lt;Response [404]&gt;.status_code

src/tests/test_get_certificate_information/test_get_ca_certificate_information.py:80: AssertionError</failure></testcase><testcase classname="src.tests.test_get_certificate_information.test_get_ca_certificate_information.TestGetCertInformation" name="test_should_include_distinguished_name_on_response_after_get_information_of_issued_ca_certs" time="9.360" /><testcase classname="src.tests.test_get_certificate_information.test_get_ca_certificate_information.TestGetCertInformation" name="test_should_include_basic_constraints_on_response_after_get_information_of_issued_ca_certs" time="1.239"><failure message="assert 404 == 200&#10; +  where 404 = &lt;Response [404]&gt;.status_code">self = &lt;certeasy_api_tests.src.tests.test_get_certificate_information.test_get_ca_certificate_information.TestGetCertInformation object at 0x7fa1b3308a60&gt;
app_container = &lt;Container: 93efbc64a089&gt;

    def test_should_include_basic_constraints_on_response_after_get_information_of_issued_ca_certs(self,                                                                                                app_container):
        ISSUER_ID = create_issuer_from_spec()
        # get cert serial
        get_cert_serial = requests.get(url=f'{BASE_URL}/issuers')
        CERT_SERIAL = get_cert_serial.json()[0]['serial']
        response = requests.get(url=f'{BASE_URL}/issuers/{ISSUER_ID[0]}/certificates/{CERT_SERIAL}')
&gt;       assert response.status_code == 200
E       assert 404 == 200
E        +  where 404 = &lt;Response [404]&gt;.status_code

src/tests/test_get_certificate_information/test_get_ca_certificate_information.py:98: AssertionError</failure></testcase><testcase classname="src.tests.test_get_certificate_information.test_get_ca_certificate_information.TestGetCertInformation" name="test_should_include_extended_key_usages_on_response_after_get_information_of_issued_ca_certs" time="0.766"><failure message="assert 404 == 200&#10; +  where 404 = &lt;Response [404]&gt;.status_code">self = &lt;certeasy_api_tests.src.tests.test_get_certificate_information.test_get_ca_certificate_information.TestGetCertInformation object at 0x7fa1b3308b20&gt;
app_container = &lt;Container: 93efbc64a089&gt;

    def test_should_include_extended_key_usages_on_response_after_get_information_of_issued_ca_certs(self,                                                                                            app_container):
        ISSUER_ID = create_issuer_from_spec()
        # get cert serial
        get_cert_serial = requests.get(url=f'{BASE_URL}/issuers')
        CERT_SERIAL = get_cert_serial.json()[0]['serial']
        response = requests.get(url=f'{BASE_URL}/issuers/{ISSUER_ID[0]}/certificates/{CERT_SERIAL}')
&gt;       assert response.status_code == 200
E       assert 404 == 200
E        +  where 404 = &lt;Response [404]&gt;.status_code

src/tests/test_get_certificate_information/test_get_ca_certificate_information.py:107: AssertionError</failure></testcase><testcase classname="src.tests.test_get_certificate_information.test_get_employee_certificate_information.TestGetCertInformation" name="test_should_return_information_of_issued_employee_certs" time="9.551"><failure message="AssertionError: assert 6 == 11&#10; +  where 6 = len({'basic_constraints': {'ca': False, 'path_length': -1}, 'distinguished_name': 'CN=reflx rytp, T=QA Engineer, initials=...a, L=Matola, STREET=R. Elias Garcia 50', 'key_size': 4096, 'key_usages': ['DIGITAL_SIGNATURE', 'NON_REPUDIATION'], ...})&#10; +    where {'basic_constraints': {'ca': False, 'path_length': -1}, 'distinguished_name': 'CN=reflx rytp, T=QA Engineer, initials=...a, L=Matola, STREET=R. Elias Garcia 50', 'key_size': 4096, 'key_usages': ['DIGITAL_SIGNATURE', 'NON_REPUDIATION'], ...} = &lt;bound method Response.json of &lt;Response [200]&gt;&gt;()&#10; +      where &lt;bound method Response.json of &lt;Response [200]&gt;&gt; = &lt;Response [200]&gt;.json">self = &lt;certeasy_api_tests.src.tests.test_get_certificate_information.test_get_employee_certificate_information.TestGetCertInformation object at 0x7fa1b32fd310&gt;
app_container = &lt;Container: 7cb4a134a1cb&gt;

    def test_should_return_information_of_issued_employee_certs(self, app_container):
        CERT_SERIAL, ISSUER_ID, CERT_NAME, CA_NAME = issue_employee_certs()
        response = requests.get(url=f'{BASE_URL}/issuers/{ISSUER_ID}/certificates/{CERT_SERIAL}')
        assert response.status_code == 200
&gt;       assert len(response.json()) == 11
E       AssertionError: assert 6 == 11
E        +  where 6 = len({'basic_constraints': {'ca': False, 'path_length': -1}, 'distinguished_name': 'CN=reflx rytp, T=QA Engineer, initials=...a, L=Matola, STREET=R. Elias Garcia 50', 'key_size': 4096, 'key_usages': ['DIGITAL_SIGNATURE', 'NON_REPUDIATION'], ...})
E        +    where {'basic_constraints': {'ca': False, 'path_length': -1}, 'distinguished_name': 'CN=reflx rytp, T=QA Engineer, initials=...a, L=Matola, STREET=R. Elias Garcia 50', 'key_size': 4096, 'key_usages': ['DIGITAL_SIGNATURE', 'NON_REPUDIATION'], ...} = &lt;bound method Response.json of &lt;Response [200]&gt;&gt;()
E        +      where &lt;bound method Response.json of &lt;Response [200]&gt;&gt; = &lt;Response [200]&gt;.json

src/tests/test_get_certificate_information/test_get_employee_certificate_information.py:12: AssertionError</failure></testcase><testcase classname="src.tests.test_get_certificate_information.test_get_employee_certificate_information.TestGetCertInformation" name="test_should_return_the_correct_cert_name_after_get_information_of_issued_employee_certs" time="0.138"><failure message="assert 500 == 200&#10; +  where 500 = &lt;Response [500]&gt;.status_code">self = &lt;certeasy_api_tests.src.tests.test_get_certificate_information.test_get_employee_certificate_information.TestGetCertInformation object at 0x7fa1b32c6ca0&gt;
app_container = &lt;Container: 7cb4a134a1cb&gt;

    def test_should_return_the_correct_cert_name_after_get_information_of_issued_employee_certs(self, app_container):
        CERT_SERIAL, ISSUER_ID, CERT_NAME, CA_NAME = issue_employee_certs()
        response = requests.get(url=f'{BASE_URL}/issuers/{ISSUER_ID}/certificates/{CERT_SERIAL}')
&gt;       assert response.status_code == 200
E       assert 500 == 200
E        +  where 500 = &lt;Response [500]&gt;.status_code

src/tests/test_get_certificate_information/test_get_employee_certificate_information.py:17: AssertionError</failure></testcase><testcase classname="src.tests.test_get_certificate_information.test_get_employee_certificate_information.TestGetCertInformation" name="test_should_return_the_correct_cert_type_after_get_information_of_issued_employee_certs" time="0.901"><failure message="assert 500 == 200&#10; +  where 500 = &lt;Response [500]&gt;.status_code">self = &lt;certeasy_api_tests.src.tests.test_get_certificate_information.test_get_employee_certificate_information.TestGetCertInformation object at 0x7fa1b326b070&gt;
app_container = &lt;Container: 7cb4a134a1cb&gt;

    def test_should_return_the_correct_cert_type_after_get_information_of_issued_employee_certs(self, app_container):
        CERT_SERIAL, ISSUER_ID, CERT_NAME, CA_NAME = issue_employee_certs()
        response = requests.get(url=f'{BASE_URL}/issuers/{ISSUER_ID}/certificates/{CERT_SERIAL}')
&gt;       assert response.status_code == 200
E       assert 500 == 200
E        +  where 500 = &lt;Response [500]&gt;.status_code

src/tests/test_get_certificate_information/test_get_employee_certificate_information.py:23: AssertionError</failure></testcase><testcase classname="src.tests.test_get_certificate_information.test_get_employee_certificate_information.TestGetCertInformation" name="test_should_include_validity_on_response_after_get_information_of_issued_employee_certs" time="2.031"><failure message="assert 500 == 200&#10; +  where 500 = &lt;Response [500]&gt;.status_code">self = &lt;certeasy_api_tests.src.tests.test_get_certificate_information.test_get_employee_certificate_information.TestGetCertInformation object at 0x7fa1b326bdc0&gt;
app_container = &lt;Container: 7cb4a134a1cb&gt;

    def test_should_include_validity_on_response_after_get_information_of_issued_employee_certs(self, app_container):
        CERT_SERIAL, ISSUER_ID, CERT_NAME, CA_NAME = issue_employee_certs()
        response = requests.get(url=f'{BASE_URL}/issuers/{ISSUER_ID}/certificates/{CERT_SERIAL}')
&gt;       assert response.status_code == 200
E       assert 500 == 200
E        +  where 500 = &lt;Response [500]&gt;.status_code

src/tests/test_get_certificate_information/test_get_employee_certificate_information.py:29: AssertionError</failure></testcase><testcase classname="src.tests.test_get_certificate_information.test_get_employee_certificate_information.TestGetCertInformation" name="test_should_include_key_usages_on_response_after_get_information_of_issued_employee_certs" time="0.053"><failure message="assert 500 == 200&#10; +  where 500 = &lt;Response [500]&gt;.status_code">self = &lt;certeasy_api_tests.src.tests.test_get_certificate_information.test_get_employee_certificate_information.TestGetCertInformation object at 0x7fa1b326b7c0&gt;
app_container = &lt;Container: 7cb4a134a1cb&gt;

    def test_should_include_key_usages_on_response_after_get_information_of_issued_employee_certs(self, app_container):
        CERT_SERIAL, ISSUER_ID, CERT_NAME, CA_NAME = issue_employee_certs()
        response = requests.get(url=f'{BASE_URL}/issuers/{ISSUER_ID}/certificates/{CERT_SERIAL}')
&gt;       assert response.status_code == 200
E       assert 500 == 200
E        +  where 500 = &lt;Response [500]&gt;.status_code

src/tests/test_get_certificate_information/test_get_employee_certificate_information.py:35: AssertionError</failure></testcase><testcase classname="src.tests.test_get_certificate_information.test_get_employee_certificate_information.TestGetCertInformation" name="test_should_include_issuer_on_response_after_get_information_of_issued_employee_certs" time="14.018"><failure message="assert 500 == 200&#10; +  where 500 = &lt;Response [500]&gt;.status_code">self = &lt;certeasy_api_tests.src.tests.test_get_certificate_information.test_get_employee_certificate_information.TestGetCertInformation object at 0x7fa1b326b550&gt;
app_container = &lt;Container: 7cb4a134a1cb&gt;

    def test_should_include_issuer_on_response_after_get_information_of_issued_employee_certs(self, app_container):
        CERT_SERIAL, ISSUER_ID, CERT_NAME, CA_NAME = issue_employee_certs()
        response = requests.get(url=f'{BASE_URL}/issuers/{ISSUER_ID}/certificates/{CERT_SERIAL}')
&gt;       assert response.status_code == 200
E       assert 500 == 200
E        +  where 500 = &lt;Response [500]&gt;.status_code

src/tests/test_get_certificate_information/test_get_employee_certificate_information.py:41: AssertionError</failure></testcase><testcase classname="src.tests.test_get_certificate_information.test_get_employee_certificate_information.TestGetCertInformation" name="test_should_include_serial_on_response_after_get_information_of_issued_employee_certs" time="0.388"><failure message="assert 500 == 200&#10; +  where 500 = &lt;Response [500]&gt;.status_code">self = &lt;certeasy_api_tests.src.tests.test_get_certificate_information.test_get_employee_certificate_information.TestGetCertInformation object at 0x7fa1b326ba00&gt;
app_container = &lt;Container: 7cb4a134a1cb&gt;

    def test_should_include_serial_on_response_after_get_information_of_issued_employee_certs(self, app_container):
        CERT_SERIAL, ISSUER_ID, CERT_NAME, CA_NAME = issue_employee_certs()
        response = requests.get(url=f'{BASE_URL}/issuers/{ISSUER_ID}/certificates/{CERT_SERIAL}')
&gt;       assert response.status_code == 200
E       assert 500 == 200
E        +  where 500 = &lt;Response [500]&gt;.status_code

src/tests/test_get_certificate_information/test_get_employee_certificate_information.py:47: AssertionError</failure></testcase><testcase classname="src.tests.test_get_certificate_information.test_get_employee_certificate_information.TestGetCertInformation" name="test_should_include_key_size_on_response_after_get_information_of_issued_employee_certs" time="1.690"><failure message="assert 500 == 200&#10; +  where 500 = &lt;Response [500]&gt;.status_code">self = &lt;certeasy_api_tests.src.tests.test_get_certificate_information.test_get_employee_certificate_information.TestGetCertInformation object at 0x7fa1b3294310&gt;
app_container = &lt;Container: 7cb4a134a1cb&gt;

    def test_should_include_key_size_on_response_after_get_information_of_issued_employee_certs(self, app_container):
        CERT_SERIAL, ISSUER_ID, CERT_NAME, CA_NAME = issue_employee_certs()
        response = requests.get(url=f'{BASE_URL}/issuers/{ISSUER_ID}/certificates/{CERT_SERIAL}')
&gt;       assert response.status_code == 200
E       assert 500 == 200
E        +  where 500 = &lt;Response [500]&gt;.status_code

src/tests/test_get_certificate_information/test_get_employee_certificate_information.py:53: AssertionError</failure></testcase><testcase classname="src.tests.test_get_certificate_information.test_get_employee_certificate_information.TestGetCertInformation" name="test_should_include_distinguished_name_on_response_after_get_information_of_issued_employee_certs" time="1.364"><failure message="assert 500 == 200&#10; +  where 500 = &lt;Response [500]&gt;.status_code">self = &lt;certeasy_api_tests.src.tests.test_get_certificate_information.test_get_employee_certificate_information.TestGetCertInformation object at 0x7fa1b32947c0&gt;
app_container = &lt;Container: 7cb4a134a1cb&gt;

    def test_should_include_distinguished_name_on_response_after_get_information_of_issued_employee_certs(self,
                                                                                                          app_container):
        CERT_SERIAL, ISSUER_ID, CERT_NAME, CA_NAME = issue_employee_certs()
        response = requests.get(url=f'{BASE_URL}/issuers/{ISSUER_ID}/certificates/{CERT_SERIAL}')
&gt;       assert response.status_code == 200
E       assert 500 == 200
E        +  where 500 = &lt;Response [500]&gt;.status_code

src/tests/test_get_certificate_information/test_get_employee_certificate_information.py:60: AssertionError</failure></testcase><testcase classname="src.tests.test_get_certificate_information.test_get_employee_certificate_information.TestGetCertInformation" name="test_should_include_basic_constraints_on_response_after_get_information_of_issued_employee_certs" time="1.063"><failure message="assert 500 == 200&#10; +  where 500 = &lt;Response [500]&gt;.status_code">self = &lt;certeasy_api_tests.src.tests.test_get_certificate_information.test_get_employee_certificate_information.TestGetCertInformation object at 0x7fa1b3308430&gt;
app_container = &lt;Container: 7cb4a134a1cb&gt;

    def test_should_include_basic_constraints_on_response_after_get_information_of_issued_employee_certs(self,
                                                                                                         app_container):
        CERT_SERIAL, ISSUER_ID, CERT_NAME, CA_NAME = issue_employee_certs()
        response = requests.get(url=f'{BASE_URL}/issuers/{ISSUER_ID}/certificates/{CERT_SERIAL}')
&gt;       assert response.status_code == 200
E       assert 500 == 200
E        +  where 500 = &lt;Response [500]&gt;.status_code

src/tests/test_get_certificate_information/test_get_employee_certificate_information.py:67: AssertionError</failure></testcase><testcase classname="src.tests.test_get_certificate_information.test_get_employee_certificate_information.TestGetCertInformation" name="test_should_include_extended_key_usages_on_response_after_get_information_of_issued_employee_certs" time="12.253"><failure message="assert 500 == 200&#10; +  where 500 = &lt;Response [500]&gt;.status_code">self = &lt;certeasy_api_tests.src.tests.test_get_certificate_information.test_get_employee_certificate_information.TestGetCertInformation object at 0x7fa1b33086d0&gt;
app_container = &lt;Container: 7cb4a134a1cb&gt;

    def test_should_include_extended_key_usages_on_response_after_get_information_of_issued_employee_certs(self,
                                                                                                           app_container):
        CERT_SERIAL, ISSUER_ID, CERT_NAME, CA_NAME = issue_employee_certs()
        response = requests.get(url=f'{BASE_URL}/issuers/{ISSUER_ID}/certificates/{CERT_SERIAL}')
&gt;       assert response.status_code == 200
E       assert 500 == 200
E        +  where 500 = &lt;Response [500]&gt;.status_code

src/tests/test_get_certificate_information/test_get_employee_certificate_information.py:74: AssertionError</failure></testcase><testcase classname="src.tests.test_get_certificate_information.test_get_personal_certificate_information.TestGetCertInformation" name="test_should_return_information_of_issued_personal_certs" time="3.102"><failure message="AssertionError: assert 6 == 11&#10; +  where 6 = len({'basic_constraints': {'ca': False, 'path_length': -1}, 'distinguished_name': 'CN=jnnmp qtvq, initials=JQ, G=jnnmp, SN...isboa, L=Matola, STREET=Patrice\\, Q12', 'key_size': 2048, 'key_usages': ['DIGITAL_SIGNATURE', 'NON_REPUDIATION'], ...})&#10; +    where {'basic_constraints': {'ca': False, 'path_length': -1}, 'distinguished_name': 'CN=jnnmp qtvq, initials=JQ, G=jnnmp, SN...isboa, L=Matola, STREET=Patrice\\, Q12', 'key_size': 2048, 'key_usages': ['DIGITAL_SIGNATURE', 'NON_REPUDIATION'], ...} = &lt;bound method Response.json of &lt;Response [200]&gt;&gt;()&#10; +      where &lt;bound method Response.json of &lt;Response [200]&gt;&gt; = &lt;Response [200]&gt;.json">self = &lt;certeasy_api_tests.src.tests.test_get_certificate_information.test_get_personal_certificate_information.TestGetCertInformation object at 0x7fa1b32c8820&gt;
app_container = &lt;Container: dbc612cf4412&gt;

    def test_should_return_information_of_issued_personal_certs(self, app_container):
        CERT_SERIAL, ISSUER_ID, CERT_NAME, CA_NAME = issue_personal_certs()
        response = requests.get(url=f'{BASE_URL}/issuers/{ISSUER_ID}/certificates/{CERT_SERIAL}')
        print(response.json())
        assert response.status_code == 200
&gt;       assert len(response.json()) == 11
E       AssertionError: assert 6 == 11
E        +  where 6 = len({'basic_constraints': {'ca': False, 'path_length': -1}, 'distinguished_name': 'CN=jnnmp qtvq, initials=JQ, G=jnnmp, SN...isboa, L=Matola, STREET=Patrice\\, Q12', 'key_size': 2048, 'key_usages': ['DIGITAL_SIGNATURE', 'NON_REPUDIATION'], ...})
E        +    where {'basic_constraints': {'ca': False, 'path_length': -1}, 'distinguished_name': 'CN=jnnmp qtvq, initials=JQ, G=jnnmp, SN...isboa, L=Matola, STREET=Patrice\\, Q12', 'key_size': 2048, 'key_usages': ['DIGITAL_SIGNATURE', 'NON_REPUDIATION'], ...} = &lt;bound method Response.json of &lt;Response [200]&gt;&gt;()
E        +      where &lt;bound method Response.json of &lt;Response [200]&gt;&gt; = &lt;Response [200]&gt;.json

src/tests/test_get_certificate_information/test_get_personal_certificate_information.py:13: AssertionError</failure></testcase><testcase classname="src.tests.test_get_certificate_information.test_get_personal_certificate_information.TestGetCertInformation" name="test_should_return_the_correct_cert_name_after_get_information_of_issued_personal_certs" time="11.901"><failure message="assert 500 == 200&#10; +  where 500 = &lt;Response [500]&gt;.status_code">self = &lt;certeasy_api_tests.src.tests.test_get_certificate_information.test_get_personal_certificate_information.TestGetCertInformation object at 0x7fa1b32c8430&gt;
app_container = &lt;Container: dbc612cf4412&gt;

    def test_should_return_the_correct_cert_name_after_get_information_of_issued_personal_certs(self, app_container):
        CERT_SERIAL, ISSUER_ID, CERT_NAME, CA_NAME = issue_personal_certs()
        response = requests.get(url=f'{BASE_URL}/issuers/{ISSUER_ID}/certificates/{CERT_SERIAL}')
&gt;       assert response.status_code == 200
E       assert 500 == 200
E        +  where 500 = &lt;Response [500]&gt;.status_code

src/tests/test_get_certificate_information/test_get_personal_certificate_information.py:18: AssertionError</failure></testcase><testcase classname="src.tests.test_get_certificate_information.test_get_personal_certificate_information.TestGetCertInformation" name="test_should_return_the_correct_cert_type_after_get_information_of_issued_personal_certs" time="26.946"><failure message="assert 500 == 200&#10; +  where 500 = &lt;Response [500]&gt;.status_code">self = &lt;certeasy_api_tests.src.tests.test_get_certificate_information.test_get_personal_certificate_information.TestGetCertInformation object at 0x7fa1b32c83a0&gt;
app_container = &lt;Container: dbc612cf4412&gt;

    def test_should_return_the_correct_cert_type_after_get_information_of_issued_personal_certs(self, app_container):
        CERT_SERIAL, ISSUER_ID, CERT_NAME, CA_NAME = issue_personal_certs()
        response = requests.get(url=f'{BASE_URL}/issuers/{ISSUER_ID}/certificates/{CERT_SERIAL}')
&gt;       assert response.status_code == 200
E       assert 500 == 200
E        +  where 500 = &lt;Response [500]&gt;.status_code

src/tests/test_get_certificate_information/test_get_personal_certificate_information.py:25: AssertionError</failure></testcase><testcase classname="src.tests.test_get_certificate_information.test_get_personal_certificate_information.TestGetCertInformation" name="test_should_include_validity_on_response_after_get_information_of_issued_personal_certs" time="22.767"><failure message="assert 500 == 200&#10; +  where 500 = &lt;Response [500]&gt;.status_code">self = &lt;certeasy_api_tests.src.tests.test_get_certificate_information.test_get_personal_certificate_information.TestGetCertInformation object at 0x7fa1b32c84c0&gt;
app_container = &lt;Container: dbc612cf4412&gt;

    def test_should_include_validity_on_response_after_get_information_of_issued_personal_certs(self, app_container):
        CERT_SERIAL, ISSUER_ID, CERT_NAME, CA_NAME = issue_personal_certs()
        response = requests.get(url=f'{BASE_URL}/issuers/{ISSUER_ID}/certificates/{CERT_SERIAL}')
&gt;       assert response.status_code == 200
E       assert 500 == 200
E        +  where 500 = &lt;Response [500]&gt;.status_code

src/tests/test_get_certificate_information/test_get_personal_certificate_information.py:31: AssertionError</failure></testcase><testcase classname="src.tests.test_get_certificate_information.test_get_personal_certificate_information.TestGetCertInformation" name="test_should_include_key_usages_on_response_after_get_information_of_issued_personal_certs" time="0.125"><failure message="assert 500 == 200&#10; +  where 500 = &lt;Response [500]&gt;.status_code">self = &lt;certeasy_api_tests.src.tests.test_get_certificate_information.test_get_personal_certificate_information.TestGetCertInformation object at 0x7fa1b32c8bb0&gt;
app_container = &lt;Container: dbc612cf4412&gt;

    def test_should_include_key_usages_on_response_after_get_information_of_issued_personal_certs(self, app_container):
        CERT_SERIAL, ISSUER_ID, CERT_NAME, CA_NAME = issue_personal_certs()
        response = requests.get(url=f'{BASE_URL}/issuers/{ISSUER_ID}/certificates/{CERT_SERIAL}')
&gt;       assert response.status_code == 200
E       assert 500 == 200
E        +  where 500 = &lt;Response [500]&gt;.status_code

src/tests/test_get_certificate_information/test_get_personal_certificate_information.py:38: AssertionError</failure></testcase><testcase classname="src.tests.test_get_certificate_information.test_get_personal_certificate_information.TestGetCertInformation" name="test_should_include_issuer_on_response_after_get_information_of_issued_personal_certs" time="6.525"><failure message="assert 500 == 200&#10; +  where 500 = &lt;Response [500]&gt;.status_code">self = &lt;certeasy_api_tests.src.tests.test_get_certificate_information.test_get_personal_certificate_information.TestGetCertInformation object at 0x7fa1b32c80d0&gt;
app_container = &lt;Container: dbc612cf4412&gt;

    def test_should_include_issuer_on_response_after_get_information_of_issued_personal_certs(self, app_container):
        CERT_SERIAL, ISSUER_ID, CERT_NAME, CA_NAME = issue_personal_certs()
        response = requests.get(url=f'{BASE_URL}/issuers/{ISSUER_ID}/certificates/{CERT_SERIAL}')
&gt;       assert response.status_code == 200
E       assert 500 == 200
E        +  where 500 = &lt;Response [500]&gt;.status_code

src/tests/test_get_certificate_information/test_get_personal_certificate_information.py:45: AssertionError</failure></testcase><testcase classname="src.tests.test_get_certificate_information.test_get_personal_certificate_information.TestGetCertInformation" name="test_should_include_serial_on_response_after_get_information_of_issued_personal_certs" time="1.589"><failure message="assert 500 == 200&#10; +  where 500 = &lt;Response [500]&gt;.status_code">self = &lt;certeasy_api_tests.src.tests.test_get_certificate_information.test_get_personal_certificate_information.TestGetCertInformation object at 0x7fa1b3308f10&gt;
app_container = &lt;Container: dbc612cf4412&gt;

    def test_should_include_serial_on_response_after_get_information_of_issued_personal_certs(self, app_container):
        CERT_SERIAL, ISSUER_ID, CERT_NAME, CA_NAME = issue_personal_certs()
        response = requests.get(url=f'{BASE_URL}/issuers/{ISSUER_ID}/certificates/{CERT_SERIAL}')
&gt;       assert response.status_code == 200
E       assert 500 == 200
E        +  where 500 = &lt;Response [500]&gt;.status_code

src/tests/test_get_certificate_information/test_get_personal_certificate_information.py:51: AssertionError</failure></testcase><testcase classname="src.tests.test_get_certificate_information.test_get_personal_certificate_information.TestGetCertInformation" name="test_should_include_key_size_on_response_after_get_information_of_issued_personal_certs" time="0.087"><failure message="assert 500 == 200&#10; +  where 500 = &lt;Response [500]&gt;.status_code">self = &lt;certeasy_api_tests.src.tests.test_get_certificate_information.test_get_personal_certificate_information.TestGetCertInformation object at 0x7fa1b32c8d00&gt;
app_container = &lt;Container: dbc612cf4412&gt;

    def test_should_include_key_size_on_response_after_get_information_of_issued_personal_certs(self, app_container):
        CERT_SERIAL, ISSUER_ID, CERT_NAME, CA_NAME = issue_personal_certs()
        response = requests.get(url=f'{BASE_URL}/issuers/{ISSUER_ID}/certificates/{CERT_SERIAL}')
&gt;       assert response.status_code == 200
E       assert 500 == 200
E        +  where 500 = &lt;Response [500]&gt;.status_code

src/tests/test_get_certificate_information/test_get_personal_certificate_information.py:57: AssertionError</failure></testcase><testcase classname="src.tests.test_get_certificate_information.test_get_personal_certificate_information.TestGetCertInformation" name="test_should_include_distinguished_name_on_response_after_get_information_of_issued_personal_certs" time="0.040"><failure message="assert 500 == 200&#10; +  where 500 = &lt;Response [500]&gt;.status_code">self = &lt;certeasy_api_tests.src.tests.test_get_certificate_information.test_get_personal_certificate_information.TestGetCertInformation object at 0x7fa1b326b2e0&gt;
app_container = &lt;Container: dbc612cf4412&gt;

    def test_should_include_distinguished_name_on_response_after_get_information_of_issued_personal_certs(self, app_container):
        CERT_SERIAL, ISSUER_ID, CERT_NAME, CA_NAME = issue_personal_certs()
        response = requests.get(url=f'{BASE_URL}/issuers/{ISSUER_ID}/certificates/{CERT_SERIAL}')
&gt;       assert response.status_code == 200
E       assert 500 == 200
E        +  where 500 = &lt;Response [500]&gt;.status_code

src/tests/test_get_certificate_information/test_get_personal_certificate_information.py:64: AssertionError</failure></testcase><testcase classname="src.tests.test_get_certificate_information.test_get_personal_certificate_information.TestGetCertInformation" name="test_should_include_basic_constraints_on_response_after_get_information_of_issued_personal_certs" time="0.176"><failure message="assert 500 == 200&#10; +  where 500 = &lt;Response [500]&gt;.status_code">self = &lt;certeasy_api_tests.src.tests.test_get_certificate_information.test_get_personal_certificate_information.TestGetCertInformation object at 0x7fa1b328bd30&gt;
app_container = &lt;Container: dbc612cf4412&gt;

    def test_should_include_basic_constraints_on_response_after_get_information_of_issued_personal_certs(self, app_container):
        CERT_SERIAL, ISSUER_ID, CERT_NAME, CA_NAME = issue_personal_certs()
        response = requests.get(url=f'{BASE_URL}/issuers/{ISSUER_ID}/certificates/{CERT_SERIAL}')
&gt;       assert response.status_code == 200
E       assert 500 == 200
E        +  where 500 = &lt;Response [500]&gt;.status_code

src/tests/test_get_certificate_information/test_get_personal_certificate_information.py:70: AssertionError</failure></testcase><testcase classname="src.tests.test_get_certificate_information.test_get_personal_certificate_information.TestGetCertInformation" name="test_should_include_extended_key_usages_on_response_after_get_information_of_issued_personal_certs" time="0.541"><failure message="assert 500 == 200&#10; +  where 500 = &lt;Response [500]&gt;.status_code">self = &lt;certeasy_api_tests.src.tests.test_get_certificate_information.test_get_personal_certificate_information.TestGetCertInformation object at 0x7fa1b328b1c0&gt;
app_container = &lt;Container: dbc612cf4412&gt;

    def test_should_include_extended_key_usages_on_response_after_get_information_of_issued_personal_certs(self, app_container):
        CERT_SERIAL, ISSUER_ID, CERT_NAME, CA_NAME = issue_personal_certs()
        response = requests.get(url=f'{BASE_URL}/issuers/{ISSUER_ID}/certificates/{CERT_SERIAL}')
&gt;       assert response.status_code == 200
E       assert 500 == 200
E        +  where 500 = &lt;Response [500]&gt;.status_code

src/tests/test_get_certificate_information/test_get_personal_certificate_information.py:76: AssertionError</failure></testcase><testcase classname="src.tests.test_get_certificate_information.test_get_sub_ca_certificate_information.TestGetCertInformation" name="test_should_return_information_of_issued_sub_ca_certs" time="2.628"><failure message="AssertionError: assert 5 == 11&#10; +  where 5 = len({'basic_constraints': {'ca': True, 'path_length': 0}, 'distinguished_name': 'CN=my-sub-ca-qbidd, O=CertEasy Enterprise...aputo, L=Constantia, STREET=R. Elias Garcia 50', 'key_size': 1024, 'key_usages': ['CERTIFICATE_SIGN', 'SIGN_CRL'], ...})&#10; +    where {'basic_constraints': {'ca': True, 'path_length': 0}, 'distinguished_name': 'CN=my-sub-ca-qbidd, O=CertEasy Enterprise...aputo, L=Constantia, STREET=R. Elias Garcia 50', 'key_size': 1024, 'key_usages': ['CERTIFICATE_SIGN', 'SIGN_CRL'], ...} = &lt;bound method Response.json of &lt;Response [200]&gt;&gt;()&#10; +      where &lt;bound method Response.json of &lt;Response [200]&gt;&gt; = &lt;Response [200]&gt;.json">self = &lt;certeasy_api_tests.src.tests.test_get_certificate_information.test_get_sub_ca_certificate_information.TestGetCertInformation object at 0x7fa1b31d3b50&gt;
app_container = &lt;Container: e461f524dd91&gt;

    def test_should_return_information_of_issued_sub_ca_certs(self, app_container):
        CERT_SERIAL, ISSUER_ID, CERT_NAME, CA_NAME = issue_sub_ca_certs()
        response = requests.get(url=f'{BASE_URL}/issuers/{ISSUER_ID}/certificates/{CERT_SERIAL}')
        assert response.status_code == 200
&gt;       assert len(response.json()) == 11
E       AssertionError: assert 5 == 11
E        +  where 5 = len({'basic_constraints': {'ca': True, 'path_length': 0}, 'distinguished_name': 'CN=my-sub-ca-qbidd, O=CertEasy Enterprise...aputo, L=Constantia, STREET=R. Elias Garcia 50', 'key_size': 1024, 'key_usages': ['CERTIFICATE_SIGN', 'SIGN_CRL'], ...})
E        +    where {'basic_constraints': {'ca': True, 'path_length': 0}, 'distinguished_name': 'CN=my-sub-ca-qbidd, O=CertEasy Enterprise...aputo, L=Constantia, STREET=R. Elias Garcia 50', 'key_size': 1024, 'key_usages': ['CERTIFICATE_SIGN', 'SIGN_CRL'], ...} = &lt;bound method Response.json of &lt;Response [200]&gt;&gt;()
E        +      where &lt;bound method Response.json of &lt;Response [200]&gt;&gt; = &lt;Response [200]&gt;.json

src/tests/test_get_certificate_information/test_get_sub_ca_certificate_information.py:13: AssertionError</failure></testcase><testcase classname="src.tests.test_get_certificate_information.test_get_sub_ca_certificate_information.TestGetCertInformation" name="test_should_return_the_correct_cert_name_after_get_information_of_issued_sub_ca_certs" time="7.651" /><testcase classname="src.tests.test_get_certificate_information.test_get_sub_ca_certificate_information.TestGetCertInformation" name="test_should_return_the_correct_cert_type_after_get_information_of_issued_sub_ca_certs" time="0.055"><failure message="KeyError: 'type'">self = &lt;certeasy_api_tests.src.tests.test_get_certificate_information.test_get_sub_ca_certificate_information.TestGetCertInformation object at 0x7fa1b328bd60&gt;
app_container = &lt;Container: e461f524dd91&gt;

    def test_should_return_the_correct_cert_type_after_get_information_of_issued_sub_ca_certs(self, app_container):
        CERT_SERIAL, ISSUER_ID, CERT_NAME, CA_NAME = issue_sub_ca_certs()
        response = requests.get(url=f'{BASE_URL}/issuers/{ISSUER_ID}/certificates/{CERT_SERIAL}')
        assert response.status_code == 200
&gt;       assert "CA" == response.json()["type"]
E       KeyError: 'type'

src/tests/test_get_certificate_information/test_get_sub_ca_certificate_information.py:25: KeyError</failure></testcase><testcase classname="src.tests.test_get_certificate_information.test_get_sub_ca_certificate_information.TestGetCertInformation" name="test_should_include_validity_on_response_after_get_information_of_issued_sub_ca_certs" time="0.601"><failure message="AssertionError: assert 'validity' in {'basic_constraints': {'ca': True, 'path_length': 0}, 'distinguished_name': 'CN=my-sub-ca-enbfm, O=CertEasy Enterprise... ST=Maputo, L=Constantia, STREET=Patrice\\, Q12', 'key_size': 512, 'key_usages': ['SIGN_CRL', 'CERTIFICATE_SIGN'], ...}&#10; +  where {'basic_constraints': {'ca': True, 'path_length': 0}, 'distinguished_name': 'CN=my-sub-ca-enbfm, O=CertEasy Enterprise... ST=Maputo, L=Constantia, STREET=Patrice\\, Q12', 'key_size': 512, 'key_usages': ['SIGN_CRL', 'CERTIFICATE_SIGN'], ...} = &lt;bound method Response.json of &lt;Response [200]&gt;&gt;()&#10; +    where &lt;bound method Response.json of &lt;Response [200]&gt;&gt; = &lt;Response [200]&gt;.json">self = &lt;certeasy_api_tests.src.tests.test_get_certificate_information.test_get_sub_ca_certificate_information.TestGetCertInformation object at 0x7fa1b328b2b0&gt;
app_container = &lt;Container: e461f524dd91&gt;

    def test_should_include_validity_on_response_after_get_information_of_issued_sub_ca_certs(self, app_container):
        CERT_SERIAL, ISSUER_ID, CERT_NAME, CA_NAME = issue_sub_ca_certs()
        response = requests.get(url=f'{BASE_URL}/issuers/{ISSUER_ID}/certificates/{CERT_SERIAL}')
        assert response.status_code == 200
&gt;       assert "validity" in response.json()
E       AssertionError: assert 'validity' in {'basic_constraints': {'ca': True, 'path_length': 0}, 'distinguished_name': 'CN=my-sub-ca-enbfm, O=CertEasy Enterprise... ST=Maputo, L=Constantia, STREET=Patrice\\, Q12', 'key_size': 512, 'key_usages': ['SIGN_CRL', 'CERTIFICATE_SIGN'], ...}
E        +  where {'basic_constraints': {'ca': True, 'path_length': 0}, 'distinguished_name': 'CN=my-sub-ca-enbfm, O=CertEasy Enterprise... ST=Maputo, L=Constantia, STREET=Patrice\\, Q12', 'key_size': 512, 'key_usages': ['SIGN_CRL', 'CERTIFICATE_SIGN'], ...} = &lt;bound method Response.json of &lt;Response [200]&gt;&gt;()
E        +    where &lt;bound method Response.json of &lt;Response [200]&gt;&gt; = &lt;Response [200]&gt;.json

src/tests/test_get_certificate_information/test_get_sub_ca_certificate_information.py:31: AssertionError</failure></testcase><testcase classname="src.tests.test_get_certificate_information.test_get_sub_ca_certificate_information.TestGetCertInformation" name="test_should_include_key_usages_on_response_after_get_information_of_issued_sub_ca_certs" time="0.200" /><testcase classname="src.tests.test_get_certificate_information.test_get_sub_ca_certificate_information.TestGetCertInformation" name="test_should_include_issuer_on_response_after_get_information_of_issued_sub_ca_certs" time="11.530"><failure message="AssertionError: assert 'issuer' in {'basic_constraints': {'ca': True, 'path_length': 0}, 'distinguished_name': 'CN=my-sub-ca-kdrgf, O=CertEasy Enterprise...=Cape Town, L=Amadora, STREET=1 Rustenburg Ave', 'key_size': 4096, 'key_usages': ['SIGN_CRL', 'CERTIFICATE_SIGN'], ...}&#10; +  where {'basic_constraints': {'ca': True, 'path_length': 0}, 'distinguished_name': 'CN=my-sub-ca-kdrgf, O=CertEasy Enterprise...=Cape Town, L=Amadora, STREET=1 Rustenburg Ave', 'key_size': 4096, 'key_usages': ['SIGN_CRL', 'CERTIFICATE_SIGN'], ...} = &lt;bound method Response.json of &lt;Response [200]&gt;&gt;()&#10; +    where &lt;bound method Response.json of &lt;Response [200]&gt;&gt; = &lt;Response [200]&gt;.json">self = &lt;certeasy_api_tests.src.tests.test_get_certificate_information.test_get_sub_ca_certificate_information.TestGetCertInformation object at 0x7fa1b328bbe0&gt;
app_container = &lt;Container: e461f524dd91&gt;

    def test_should_include_issuer_on_response_after_get_information_of_issued_sub_ca_certs(self, app_container):
        CERT_SERIAL, ISSUER_ID, CERT_NAME, CA_NAME = issue_sub_ca_certs()
        response = requests.get(url=f'{BASE_URL}/issuers/{ISSUER_ID}/certificates/{CERT_SERIAL}')
        assert response.status_code == 200
&gt;       assert "issuer" in response.json()
E       AssertionError: assert 'issuer' in {'basic_constraints': {'ca': True, 'path_length': 0}, 'distinguished_name': 'CN=my-sub-ca-kdrgf, O=CertEasy Enterprise...=Cape Town, L=Amadora, STREET=1 Rustenburg Ave', 'key_size': 4096, 'key_usages': ['SIGN_CRL', 'CERTIFICATE_SIGN'], ...}
E        +  where {'basic_constraints': {'ca': True, 'path_length': 0}, 'distinguished_name': 'CN=my-sub-ca-kdrgf, O=CertEasy Enterprise...=Cape Town, L=Amadora, STREET=1 Rustenburg Ave', 'key_size': 4096, 'key_usages': ['SIGN_CRL', 'CERTIFICATE_SIGN'], ...} = &lt;bound method Response.json of &lt;Response [200]&gt;&gt;()
E        +    where &lt;bound method Response.json of &lt;Response [200]&gt;&gt; = &lt;Response [200]&gt;.json

src/tests/test_get_certificate_information/test_get_sub_ca_certificate_information.py:43: AssertionError</failure></testcase><testcase classname="src.tests.test_get_certificate_information.test_get_sub_ca_certificate_information.TestGetCertInformation" name="test_should_include_serial_on_response_after_get_information_of_issued_sub_ca_certs" time="0.388"><failure message="AssertionError: assert 'serial' in {'basic_constraints': {'ca': True, 'path_length': 0}, 'distinguished_name': 'CN=my-sub-ca-hxcyv, O=CertEasy Enterprise... Town, L=Constantia, STREET=R. Elias Garcia 50', 'key_size': 1024, 'key_usages': ['SIGN_CRL', 'CERTIFICATE_SIGN'], ...}&#10; +  where {'basic_constraints': {'ca': True, 'path_length': 0}, 'distinguished_name': 'CN=my-sub-ca-hxcyv, O=CertEasy Enterprise... Town, L=Constantia, STREET=R. Elias Garcia 50', 'key_size': 1024, 'key_usages': ['SIGN_CRL', 'CERTIFICATE_SIGN'], ...} = &lt;bound method Response.json of &lt;Response [200]&gt;&gt;()&#10; +    where &lt;bound method Response.json of &lt;Response [200]&gt;&gt; = &lt;Response [200]&gt;.json">self = &lt;certeasy_api_tests.src.tests.test_get_certificate_information.test_get_sub_ca_certificate_information.TestGetCertInformation object at 0x7fa1b328baf0&gt;
app_container = &lt;Container: e461f524dd91&gt;

    def test_should_include_serial_on_response_after_get_information_of_issued_sub_ca_certs(self, app_container):
        CERT_SERIAL, ISSUER_ID, CERT_NAME, CA_NAME = issue_sub_ca_certs()
        response = requests.get(url=f'{BASE_URL}/issuers/{ISSUER_ID}/certificates/{CERT_SERIAL}')
        assert response.status_code == 200
&gt;       assert "serial" in response.json()
E       AssertionError: assert 'serial' in {'basic_constraints': {'ca': True, 'path_length': 0}, 'distinguished_name': 'CN=my-sub-ca-hxcyv, O=CertEasy Enterprise... Town, L=Constantia, STREET=R. Elias Garcia 50', 'key_size': 1024, 'key_usages': ['SIGN_CRL', 'CERTIFICATE_SIGN'], ...}
E        +  where {'basic_constraints': {'ca': True, 'path_length': 0}, 'distinguished_name': 'CN=my-sub-ca-hxcyv, O=CertEasy Enterprise... Town, L=Constantia, STREET=R. Elias Garcia 50', 'key_size': 1024, 'key_usages': ['SIGN_CRL', 'CERTIFICATE_SIGN'], ...} = &lt;bound method Response.json of &lt;Response [200]&gt;&gt;()
E        +    where &lt;bound method Response.json of &lt;Response [200]&gt;&gt; = &lt;Response [200]&gt;.json

[...]
ate.test_issue_sub_ca_certificate.TestIssueSubCaCertificate" name="test_should_not_issue_a_sub_ca_certificate_when_pass_an_empty_organization" time="0.100" /><testcase classname="src.tests.test_issue_sub_ca_certificate.test_issue_sub_ca_certificate.TestIssueSubCaCertificate" name="test_should_not_issue_a_sub_ca_certificate_when_pass_null_organization_name" time="0.133" /><testcase classname="src.tests.test_issue_sub_ca_certificate.test_issue_sub_ca_certificate.TestIssueSubCaCertificate" name="test_should_not_issue_a_sub_ca_certificate_when_pass_an_empty_organization_name" time="8.698" /><testcase classname="src.tests.test_issue_sub_ca_certificate.test_issue_sub_ca_certificate.TestIssueSubCaCertificate" name="test_should_not_issue_sub_ca_certificate_when_pass_invalid_format_until_validity" time="0.751" /><testcase classname="src.tests.test_issue_sub_ca_certificate.test_issue_sub_ca_certificate.TestIssueSubCaCertificate" name="test_should_not_issue_sub_ca_certificate_when_pass_invalid_format_from_validity" time="0.031" /><testcase classname="src.tests.test_issue_sub_ca_certificate.test_issue_sub_ca_certificate.TestIssueSubCaCertificate" name="test_should_not_issue_sub_ca_certificate_when_pass_out_of_range_until_validity" time="0.255" /><testcase classname="src.tests.test_issue_sub_ca_certificate.test_list_issued_sub_ca_certificate.TestListSubCAlIssuedCerts" name="test_should_return_details_of_issued_personal_certs" time="18.137" /><testcase classname="src.tests.test_issue_sub_ca_certificate.test_list_issued_sub_ca_certificate.TestListSubCAlIssuedCerts" name="test_should_return_personal_as_cert_type_when_get_issued_tls_server" time="5.030" /><testcase classname="src.tests.test_issue_sub_ca_certificate.test_list_issued_sub_ca_certificate.TestListSubCAlIssuedCerts" name="test_should_not_return_issued_tls_server_details_when_pass_personal_type" time="1.114" /><testcase classname="src.tests.test_issue_sub_ca_certificate.test_list_issued_sub_ca_certificate.TestListSubCAlIssuedCerts" name="test_should_return_the_correct_ca_name_associated_with_issued_sub_ca_when_pass_ca_type" time="0.076" /><testcase classname="src.tests.test_issue_sub_ca_certificate.test_list_issued_sub_ca_certificate.TestListSubCAlIssuedCerts" name="test_should_not_return_issued_personal_details_when_pass_employee_type" time="20.061" /><testcase classname="src.tests.test_issue_sub_ca_certificate.test_list_issued_sub_ca_certificate.TestListSubCAlIssuedCerts" name="test_should_not_return_issued_personal_details_when_pass_custom_type" time="1.013" /><testcase classname="src.tests.test_issue_tls_server_certificate.test_issue_tls_server_certificate.TestIssueTLSServerCertificate" name="test_should_issue_a_tls_certificate_using_a_new_issuer" time="2.645" /><testcase classname="src.tests.test_issue_tls_server_certificate.test_issue_tls_server_certificate.TestIssueTLSServerCertificate" name="test_should_not_issue_a_tls_certificate_using_a_non_existed_issuer_id" time="0.005" /><testcase classname="src.tests.test_issue_tls_server_certificate.test_issue_tls_server_certificate.TestIssueTLSServerCertificate" name="test_should_not_issue_a_tls_certificate_when_pass_empty_validity_object" time="0.029" /><testcase classname="src.tests.test_issue_tls_server_certificate.test_issue_tls_server_certificate.TestIssueTLSServerCertificate" name="test_should_not_issue_a_tls_certificate_when_pass_empty_until_validity" time="0.050" /><testcase classname="src.tests.test_issue_tls_server_certificate.test_issue_tls_server_certificate.TestIssueTLSServerCertificate" name="test_should_not_issue_a_tls_certificate_when_pass_empty_from_validity" time="9.699" /><testcase classname="src.tests.test_issue_tls_server_certificate.test_issue_tls_server_certificate.TestIssueTLSServerCertificate" name="test_should_not_issue_a_tls_certificate_when_pass_empty_key_strength" time="5.722" /><testcase classname="src.tests.test_issue_tls_server_certificate.test_issue_tls_server_certificate.TestIssueTLSServerCertificate" name="test_should_not_issue_a_tls_certificate_when_pass_empty_address_object" time="1.217" /><testcase classname="src.tests.test_issue_tls_server_certificate.test_issue_tls_server_certificate.TestIssueTLSServerCertificate" name="test_should_not_issue_a_tls_certificate_when_pass_empty_country" time="0.161" /><testcase classname="src.tests.test_issue_tls_server_certificate.test_issue_tls_server_certificate.TestIssueTLSServerCertificate" name="test_should_not_issue_a_tls_certificate_when_pass_empty_state" time="2.426" /><testcase classname="src.tests.test_issue_tls_server_certificate.test_issue_tls_server_certificate.TestIssueTLSServerCertificate" name="test_should_not_issue_a_tls_certificate_when_pass_empty_locality" time="0.028" /><testcase classname="src.tests.test_issue_tls_server_certificate.test_issue_tls_server_certificate.TestIssueTLSServerCertificate" name="test_should_not_issue_a_tls_certificate_when_pass_empty_street_address" time="1.179" /><testcase classname="src.tests.test_issue_tls_server_certificate.test_issue_tls_server_certificate.TestIssueTLSServerCertificate" name="test_should_not_issue_a_tls_certificate_when_pass_empty_name" time="0.032" /><testcase classname="src.tests.test_issue_tls_server_certificate.test_issue_tls_server_certificate.TestIssueTLSServerCertificate" name="test_should_not_issue_a_tls_certificate_when_pass_empty_domains" time="0.032" /><testcase classname="src.tests.test_issue_tls_server_certificate.test_issue_tls_server_certificate.TestIssueTLSServerCertificate" name="test_should_not_issue_a_tls_certificate_when_pass_null_validity_object" time="0.169" /><testcase classname="src.tests.test_issue_tls_server_certificate.test_issue_tls_server_certificate.TestIssueTLSServerCertificate" name="test_should_not_issue_a_tls_certificate_when_pass_null_until_validity" time="0.246" /><testcase classname="src.tests.test_issue_tls_server_certificate.test_issue_tls_server_certificate.TestIssueTLSServerCertificate" name="test_should_not_issue_a_tls_certificate_when_pass_null_from_validity" time="0.062" /><testcase classname="src.tests.test_issue_tls_server_certificate.test_issue_tls_server_certificate.TestIssueTLSServerCertificate" name="test_should_not_issue_a_tls_certificate_when_pass_null_key_strength" time="0.029" /><testcase classname="src.tests.test_issue_tls_server_certificate.test_issue_tls_server_certificate.TestIssueTLSServerCertificate" name="test_should_not_issue_a_tls_certificate_when_pass_null_address_object" time="1.214" /><testcase classname="src.tests.test_issue_tls_server_certificate.test_issue_tls_server_certificate.TestIssueTLSServerCertificate" name="test_should_not_issue_a_tls_certificate_when_pass_null_country" time="0.123" /><testcase classname="src.tests.test_issue_tls_server_certificate.test_issue_tls_server_certificate.TestIssueTLSServerCertificate" name="test_should_not_issue_a_tls_certificate_when_pass_null_state" time="1.183" /><testcase classname="src.tests.test_issue_tls_server_certificate.test_issue_tls_server_certificate.TestIssueTLSServerCertificate" name="test_should_not_issue_a_tls_certificate_when_pass_null_locality" time="0.026" /><testcase classname="src.tests.test_issue_tls_server_certificate.test_issue_tls_server_certificate.TestIssueTLSServerCertificate" name="test_should_not_issue_a_tls_certificate_when_pass_null_street_address" time="15.176" /><testcase classname="src.tests.test_issue_tls_server_certificate.test_issue_tls_server_certificate.TestIssueTLSServerCertificate" name="test_should_not_issue_a_tls_certificate_when_pass_null_name" time="0.211" /><testcase classname="src.tests.test_issue_tls_server_certificate.test_issue_tls_server_certificate.TestIssueTLSServerCertificate" name="test_should_not_issue_a_tls_certificate_when_pass_null_domains" time="0.022" /><testcase classname="src.tests.test_issue_tls_server_certificate.test_issue_tls_server_certificate.TestIssueTLSServerCertificate" name="test_should_issue_a_tls_certificate_when_pass_null_organization_name" time="1.493" /><testcase classname="src.tests.test_issue_tls_server_certificate.test_issue_tls_server_certificate.TestIssueTLSServerCertificate" name="test_should_issue_a_tls_certificate_when_pass_empty_organization_name" time="11.041" /><testcase classname="src.tests.test_issue_tls_server_certificate.test_issue_tls_server_certificate.TestIssueTLSServerCertificate" name="test_should_not_issue_a_tls_certificate_when_pass_invalid_format_until_validity" time="8.783" /><testcase classname="src.tests.test_issue_tls_server_certificate.test_issue_tls_server_certificate.TestIssueTLSServerCertificate" name="test_should_not_issue_a_tls_certificate_when_pass_invalid_format_from_validity" time="0.124" /><testcase classname="src.tests.test_issue_tls_server_certificate.test_issue_tls_server_certificate.TestIssueTLSServerCertificate" name="test_should_not_issue_a_tls_certificate_when_pass_out_of_range_until_validity" time="12.164" /><testcase classname="src.tests.test_issue_tls_server_certificate.test_issue_tls_server_certificate.TestIssueTLSServerCertificate" name="test_should_not_issue_a_tls_certificate_when_pass_invalid_key_strength" time="1.893" /><testcase classname="src.tests.test_issue_tls_server_certificate.test_issue_tls_server_certificate.TestIssueTLSServerCertificate" name="test_should_not_issue_a_tls_certificate_when_pass_domains_with_spaces" time="8.406"><failure message="assert 200 == 422&#10; +  where 200 = &lt;Response [200]&gt;.status_code">self = &lt;certeasy_api_tests.src.tests.test_issue_tls_server_certificate.test_issue_tls_server_certificate.TestIssueTLSServerCertificate object at 0x7fa1b302f520&gt;
app_container = &lt;Container: cdc287feeac2&gt;

    def test_should_not_issue_a_tls_certificate_when_pass_domains_with_spaces(self, app_container):
        ISSUER_ID = create_issuer_from_spec()
        VALID_BODY = generate_tls_server_data(self.loaded_schema)
        add_values_into_list_in_json(VALID_BODY, "domains", "example domain com")
        response = requests.post(url=f'{BASE_URL}/issuers/{ISSUER_ID[0]}/certificates/tls-server', json=VALID_BODY)
        print(VALID_BODY)
&gt;       assert response.status_code == 422
E       assert 200 == 422
E        +  where 200 = &lt;Response [200]&gt;.status_code

src/tests/test_issue_tls_server_certificate/test_issue_tls_server_certificate.py:240: AssertionError</failure></testcase><testcase classname="src.tests.test_issue_tls_server_certificate.test_issue_tls_server_certificate.TestIssueTLSServerCertificate" name="test_should_not_issue_a_tls_certificate_when_pass_domains_with_special_characters" time="7.119"><failure message="assert 200 == 422&#10; +  where 200 = &lt;Response [200]&gt;.status_code">self = &lt;certeasy_api_tests.src.tests.test_issue_tls_server_certificate.test_issue_tls_server_certificate.TestIssueTLSServerCertificate object at 0x7fa1b302f730&gt;
app_container = &lt;Container: cdc287feeac2&gt;

    def test_should_not_issue_a_tls_certificate_when_pass_domains_with_special_characters(self, app_container):
        ISSUER_ID = create_issuer_from_spec()
        VALID_BODY = generate_tls_server_data(self.loaded_schema)
        add_values_into_list_in_json(VALID_BODY, "domains", "example@domain!com")
        response = requests.post(url=f'{BASE_URL}/issuers/{ISSUER_ID[0]}/certificates/tls-server', json=VALID_BODY)
        print(VALID_BODY)
&gt;       assert response.status_code == 422
E       assert 200 == 422
E        +  where 200 = &lt;Response [200]&gt;.status_code

src/tests/test_issue_tls_server_certificate/test_issue_tls_server_certificate.py:248: AssertionError</failure></testcase><testcase classname="src.tests.test_issue_tls_server_certificate.test_issue_tls_server_certificate.TestIssueTLSServerCertificate" name="test_should_not_issue_a_tls_certificate_when_pass_uppercase_domains" time="21.663"><failure message="assert 200 == 422&#10; +  where 200 = &lt;Response [200]&gt;.status_code">self = &lt;certeasy_api_tests.src.tests.test_issue_tls_server_certificate.test_issue_tls_server_certificate.TestIssueTLSServerCertificate object at 0x7fa1b302f940&gt;
app_container = &lt;Container: cdc287feeac2&gt;

    def test_should_not_issue_a_tls_certificate_when_pass_uppercase_domains(self, app_container):
        ISSUER_ID = create_issuer_from_spec()
        VALID_BODY = generate_tls_server_data(self.loaded_schema)
        add_values_into_list_in_json(VALID_BODY, "domains", "EXAMPLE.COM")
        response = requests.post(url=f'{BASE_URL}/issuers/{ISSUER_ID[0]}/certificates/tls-server', json=VALID_BODY)
&gt;       assert response.status_code == 422
E       assert 200 == 422
E        +  where 200 = &lt;Response [200]&gt;.status_code

src/tests/test_issue_tls_server_certificate/test_issue_tls_server_certificate.py:255: AssertionError</failure></testcase><testcase classname="src.tests.test_issue_tls_server_certificate.test_issue_tls_server_certificate.TestIssueTLSServerCertificate" name="test_should_not_issue_a_tls_certificate_when_pass_domains_with_accents" time="1.234"><failure message="assert 200 == 422&#10; +  where 200 = &lt;Response [200]&gt;.status_code">self = &lt;certeasy_api_tests.src.tests.test_issue_tls_server_certificate.test_issue_tls_server_certificate.TestIssueTLSServerCertificate object at 0x7fa1b302fb50&gt;
app_container = &lt;Container: cdc287feeac2&gt;

    def test_should_not_issue_a_tls_certificate_when_pass_domains_with_accents(self, app_container):
        ISSUER_ID = create_issuer_from_spec()
        VALID_BODY = generate_tls_server_data(self.loaded_schema)
        add_values_into_list_in_json(VALID_BODY, "domains", "certidão.com")
        response = requests.post(url=f'{BASE_URL}/issuers/{ISSUER_ID[0]}/certificates/tls-server', json=VALID_BODY)
&gt;       assert response.status_code == 422
E       assert 200 == 422
E        +  where 200 = &lt;Response [200]&gt;.status_code

src/tests/test_issue_tls_server_certificate/test_issue_tls_server_certificate.py:262: AssertionError</failure></testcase><testcase classname="src.tests.test_issue_tls_server_certificate.test_issue_tls_server_certificate.TestIssueTLSServerCertificate" name="test_should_not_issue_a_tls_certificate_when_pass_missing_domain_name" time="10.460"><failure message="assert 200 == 422&#10; +  where 200 = &lt;Response [200]&gt;.status_code">self = &lt;certeasy_api_tests.src.tests.test_issue_tls_server_certificate.test_issue_tls_server_certificate.TestIssueTLSServerCertificate object at 0x7fa1b31379d0&gt;
app_container = &lt;Container: cdc287feeac2&gt;

    def test_should_not_issue_a_tls_certificate_when_pass_missing_domain_name(self, app_container):
        ISSUER_ID = create_issuer_from_spec()
        VALID_BODY = generate_tls_server_data(self.loaded_schema)
        add_values_into_list_in_json(VALID_BODY, "domains", ".com")
        response = requests.post(url=f'{BASE_URL}/issuers/{ISSUER_ID[0]}/certificates/tls-server', json=VALID_BODY)
&gt;       assert response.status_code == 422
E       assert 200 == 422
E        +  where 200 = &lt;Response [200]&gt;.status_code

src/tests/test_issue_tls_server_certificate/test_issue_tls_server_certificate.py:269: AssertionError</failure></testcase><testcase classname="src.tests.test_issue_tls_server_certificate.test_issue_tls_server_certificate.TestIssueTLSServerCertificate" name="test_should_not_issue_a_tls_certificate_when_pass_missing_domain_extension" time="4.690"><failure message="assert 200 == 422&#10; +  where 200 = &lt;Response [200]&gt;.status_code">self = &lt;certeasy_api_tests.src.tests.test_issue_tls_server_certificate.test_issue_tls_server_certificate.TestIssueTLSServerCertificate object at 0x7fa1b304c730&gt;
app_container = &lt;Container: cdc287feeac2&gt;

    def test_should_not_issue_a_tls_certificate_when_pass_missing_domain_extension(self, app_container):
        ISSUER_ID = create_issuer_from_spec()
        VALID_BODY = generate_tls_server_data(self.loaded_schema)
        add_values_into_list_in_json(VALID_BODY, "domains", "domain.")
        response = requests.post(url=f'{BASE_URL}/issuers/{ISSUER_ID[0]}/certificates/tls-server', json=VALID_BODY)
&gt;       assert response.status_code == 422
E       assert 200 == 422
E        +  where 200 = &lt;Response [200]&gt;.status_code

src/tests/test_issue_tls_server_certificate/test_issue_tls_server_certificate.py:276: AssertionError</failure></testcase><testcase classname="src.tests.test_issue_tls_server_certificate.test_issue_tls_server_certificate.TestIssueTLSServerCertificate" name="test_should_not_issue_a_tls_certificate_when_pass_missing_a_dot" time="2.385"><failure message="assert 200 == 422&#10; +  where 200 = &lt;Response [200]&gt;.status_code">self = &lt;certeasy_api_tests.src.tests.test_issue_tls_server_certificate.test_issue_tls_server_certificate.TestIssueTLSServerCertificate object at 0x7fa1b302f6a0&gt;
app_container = &lt;Container: cdc287feeac2&gt;

    def test_should_not_issue_a_tls_certificate_when_pass_missing_a_dot(self, app_container):
        """missing a dot separator between the domain name and extension"""
        ISSUER_ID = create_issuer_from_spec()
        VALID_BODY = generate_tls_server_data(self.loaded_schema)
        add_values_into_list_in_json(VALID_BODY, "domains", "missingdotcom")
        response = requests.post(url=f'{BASE_URL}/issuers/{ISSUER_ID[0]}/certificates/tls-server', json=VALID_BODY)
&gt;       assert response.status_code == 422
E       assert 200 == 422
E        +  where 200 = &lt;Response [200]&gt;.status_code

src/tests/test_issue_tls_server_certificate/test_issue_tls_server_certificate.py:285: AssertionError</failure></testcase><testcase classname="src.tests.test_issue_tls_server_certificate.test_list_issued_tls_server_certificate.TestListIssuedCerts" name="test_should_return_details_of_issued_tls_server_certs" time="3.386" /><testcase classname="src.tests.test_issue_tls_server_certificate.test_list_issued_tls_server_certificate.TestListIssuedCerts" name="test_should_return_tls_server_as_cert_type_when_get_issued_tls_server" time="0.533" /><testcase classname="src.tests.test_issue_tls_server_certificate.test_list_issued_tls_server_certificate.TestListIssuedCerts" name="test_should_return_correct_cert_name_when_get_issued_tls_server" time="2.052" /><testcase classname="src.tests.test_issue_tls_server_certificate.test_list_issued_tls_server_certificate.TestListIssuedCerts" name="test_should_return_correct_cert_serial_when_get_issued_tls_server" time="21.594" /><testcase classname="src.tests.test_issue_tls_server_certificate.test_list_issued_tls_server_certificate.TestListIssuedCerts" name="test_should_not_return_issued_tls_server_details_when_pass_personal_type" time="0.821" /><testcase classname="src.tests.test_issue_tls_server_certificate.test_list_issued_tls_server_certificate.TestListIssuedCerts" name="test_should_return_the_correct_ca_name_associated_with_issued_tls_when_pass_ca_type" time="0.553" /><testcase classname="src.tests.test_issue_tls_server_certificate.test_list_issued_tls_server_certificate.TestListIssuedCerts" name="test_should_not_return_issued_tls_server_details_when_pass_employee_type" time="7.655" /><testcase classname="src.tests.test_issue_tls_server_certificate.test_list_issued_tls_server_certificate.TestListIssuedCerts" name="test_should_not_return_issued_tls_server_details_when_pass_custom_type" time="7.431" /><testcase classname="src.tests.test_list_issuers.test_list_issuers.TestIssuerValidation" name="test_validate_if_the_body_response_include_the_newest_issuer" time="2.581" /><testcase classname="src.tests.test_list_issuers.test_list_issuers.TestIssuerValidation" name="test_should_return_200" time="0.092" /><testcase classname="src.tests.test_list_issuers.test_list_issuers.TestIssuerValidation" name="test_validate_content_of_body_response" time="0.044" /><testcase classname="src.tests.test_list_issuers.test_list_issuers.TestIssuerValidation" name="test_validate_type_of_issuer_created_with_path_length_equal_to_zero" time="1.119" /></testsuite></testsuites>